{"C:\\Users\\aliss\\Desktop\\Proyectos\\Laboratoria\\LIM015-burger-queen-api\\src\\config.js": {"path":"C:\\Users\\aliss\\Desktop\\Proyectos\\Laboratoria\\LIM015-burger-queen-api\\src\\config.js","statementMap":{"0":{"start":{"line":1,"column":0},"end":{"line":1,"column":59}},"1":{"start":{"line":2,"column":0},"end":{"line":2,"column":71}},"2":{"start":{"line":3,"column":0},"end":{"line":3,"column":73}},"3":{"start":{"line":4,"column":0},"end":{"line":4,"column":66}},"4":{"start":{"line":5,"column":0},"end":{"line":5,"column":65}}},"fnMap":{},"branchMap":{"0":{"loc":{"start":{"line":1,"column":15},"end":{"line":1,"column":58}},"type":"binary-expr","locations":[{"start":{"line":1,"column":15},"end":{"line":1,"column":30}},{"start":{"line":1,"column":34},"end":{"line":1,"column":50}},{"start":{"line":1,"column":54},"end":{"line":1,"column":58}}],"line":1},"1":{"loc":{"start":{"line":2,"column":16},"end":{"line":2,"column":70}},"type":"binary-expr","locations":[{"start":{"line":2,"column":16},"end":{"line":2,"column":34}},{"start":{"line":2,"column":38},"end":{"line":2,"column":70}}],"line":2},"2":{"loc":{"start":{"line":3,"column":17},"end":{"line":3,"column":72}},"type":"binary-expr","locations":[{"start":{"line":3,"column":17},"end":{"line":3,"column":39}},{"start":{"line":3,"column":43},"end":{"line":3,"column":72}}],"line":3},"3":{"loc":{"start":{"line":4,"column":21},"end":{"line":4,"column":65}},"type":"binary-expr","locations":[{"start":{"line":4,"column":21},"end":{"line":4,"column":44}},{"start":{"line":4,"column":48},"end":{"line":4,"column":65}}],"line":4},"4":{"loc":{"start":{"line":5,"column":24},"end":{"line":5,"column":64}},"type":"binary-expr","locations":[{"start":{"line":5,"column":24},"end":{"line":5,"column":50}},{"start":{"line":5,"column":54},"end":{"line":5,"column":64}}],"line":5}},"s":{"0":2,"1":2,"2":2,"3":2,"4":2},"f":{},"b":{"0":[2,2,2],"1":[2,2],"2":[2,2],"3":[2,2],"4":[2,2]},"_coverageSchema":"1a1c01bbd47fc00a2c39e90264f33305004495a9","hash":"d2d6663e1b2bdddecfe1bbca3545ced9414e9647"}
,"C:\\Users\\aliss\\Desktop\\Proyectos\\Laboratoria\\LIM015-burger-queen-api\\src\\server.js": {"path":"C:\\Users\\aliss\\Desktop\\Proyectos\\Laboratoria\\LIM015-burger-queen-api\\src\\server.js","statementMap":{"0":{"start":{"line":1,"column":16},"end":{"line":1,"column":34}},"1":{"start":{"line":2,"column":13},"end":{"line":2,"column":28}},"2":{"start":{"line":3,"column":15},"end":{"line":3,"column":34}},"3":{"start":{"line":4,"column":23},"end":{"line":4,"column":51}},"4":{"start":{"line":5,"column":21},"end":{"line":5,"column":50}},"5":{"start":{"line":6,"column":15},"end":{"line":6,"column":34}},"6":{"start":{"line":7,"column":12},"end":{"line":7,"column":38}},"7":{"start":{"line":9,"column":19},"end":{"line":9,"column":25}},"8":{"start":{"line":11,"column":12},"end":{"line":11,"column":21}},"9":{"start":{"line":14,"column":0},"end":{"line":14,"column":26}},"10":{"start":{"line":15,"column":0},"end":{"line":15,"column":20}},"11":{"start":{"line":16,"column":0},"end":{"line":16,"column":16}},"12":{"start":{"line":19,"column":0},"end":{"line":19,"column":49}},"13":{"start":{"line":20,"column":0},"end":{"line":20,"column":24}},"14":{"start":{"line":21,"column":0},"end":{"line":21,"column":32}},"15":{"start":{"line":24,"column":0},"end":{"line":29,"column":3}},"16":{"start":{"line":25,"column":2},"end":{"line":27,"column":3}},"17":{"start":{"line":26,"column":4},"end":{"line":26,"column":14}},"18":{"start":{"line":28,"column":2},"end":{"line":28,"column":24}},"19":{"start":{"line":31,"column":0},"end":{"line":31,"column":21}}},"fnMap":{"0":{"name":"(anonymous_0)","decl":{"start":{"line":24,"column":12},"end":{"line":24,"column":13}},"loc":{"start":{"line":24,"column":21},"end":{"line":29,"column":1}},"line":24}},"branchMap":{"0":{"loc":{"start":{"line":25,"column":2},"end":{"line":27,"column":3}},"type":"if","locations":[{"start":{"line":25,"column":2},"end":{"line":27,"column":3}},{"start":{"line":25,"column":2},"end":{"line":27,"column":3}}],"line":25}},"s":{"0":2,"1":2,"2":2,"3":2,"4":2,"5":2,"6":2,"7":2,"8":2,"9":2,"10":2,"11":2,"12":2,"13":2,"14":2,"15":2,"16":2,"17":0,"18":2,"19":2},"f":{"0":2},"b":{"0":[0,2]},"_coverageSchema":"1a1c01bbd47fc00a2c39e90264f33305004495a9","hash":"dd87b37c5f33ffc6b3abb06816a6cd334f597828"}
,"C:\\Users\\aliss\\Desktop\\Proyectos\\Laboratoria\\LIM015-burger-queen-api\\src\\controller\\auth.js": {"path":"C:\\Users\\aliss\\Desktop\\Proyectos\\Laboratoria\\LIM015-burger-queen-api\\src\\controller\\auth.js","statementMap":{"0":{"start":{"line":1,"column":57},"end":{"line":1,"column":85}},"1":{"start":{"line":4,"column":0},"end":{"line":20,"column":2}},"2":{"start":{"line":5,"column":30},"end":{"line":5,"column":38}},"3":{"start":{"line":6,"column":2},"end":{"line":6,"column":99}},"4":{"start":{"line":6,"column":27},"end":{"line":6,"column":99}},"5":{"start":{"line":9,"column":20},"end":{"line":9,"column":47}},"6":{"start":{"line":11,"column":2},"end":{"line":11,"column":82}},"7":{"start":{"line":11,"column":18},"end":{"line":11,"column":82}},"8":{"start":{"line":14,"column":25},"end":{"line":14,"column":76}},"9":{"start":{"line":15,"column":2},"end":{"line":15,"column":84}},"10":{"start":{"line":15,"column":23},"end":{"line":15,"column":84}},"11":{"start":{"line":18,"column":16},"end":{"line":18,"column":48}},"12":{"start":{"line":19,"column":2},"end":{"line":19,"column":29}}},"fnMap":{"0":{"name":"(anonymous_0)","decl":{"start":{"line":4,"column":22},"end":{"line":4,"column":23}},"loc":{"start":{"line":4,"column":42},"end":{"line":20,"column":1}},"line":4}},"branchMap":{"0":{"loc":{"start":{"line":6,"column":2},"end":{"line":6,"column":99}},"type":"if","locations":[{"start":{"line":6,"column":2},"end":{"line":6,"column":99}},{"start":{"line":6,"column":2},"end":{"line":6,"column":99}}],"line":6},"1":{"loc":{"start":{"line":6,"column":6},"end":{"line":6,"column":25}},"type":"binary-expr","locations":[{"start":{"line":6,"column":6},"end":{"line":6,"column":12}},{"start":{"line":6,"column":16},"end":{"line":6,"column":25}}],"line":6},"2":{"loc":{"start":{"line":11,"column":2},"end":{"line":11,"column":82}},"type":"if","locations":[{"start":{"line":11,"column":2},"end":{"line":11,"column":82}},{"start":{"line":11,"column":2},"end":{"line":11,"column":82}}],"line":11},"3":{"loc":{"start":{"line":15,"column":2},"end":{"line":15,"column":84}},"type":"if","locations":[{"start":{"line":15,"column":2},"end":{"line":15,"column":84}},{"start":{"line":15,"column":2},"end":{"line":15,"column":84}}],"line":15}},"s":{"0":2,"1":2,"2":28,"3":28,"4":1,"5":27,"6":27,"7":1,"8":26,"9":26,"10":1,"11":25,"12":25},"f":{"0":28},"b":{"0":[1,27],"1":[28,27],"2":[1,26],"3":[1,25]},"_coverageSchema":"1a1c01bbd47fc00a2c39e90264f33305004495a9","hash":"05d9227461fc4e943b9a507128d0fe7776d3e49d"}
,"C:\\Users\\aliss\\Desktop\\Proyectos\\Laboratoria\\LIM015-burger-queen-api\\src\\controller\\orders.js": {"path":"C:\\Users\\aliss\\Desktop\\Proyectos\\Laboratoria\\LIM015-burger-queen-api\\src\\controller\\orders.js","statementMap":{"0":{"start":{"line":1,"column":0},"end":{"line":1,"column":30}},"1":{"start":{"line":4,"column":4},"end":{"line":4,"column":33}},"2":{"start":{"line":6,"column":27},"end":{"line":6,"column":58}},"3":{"start":{"line":7,"column":27},"end":{"line":7,"column":51}},"4":{"start":{"line":9,"column":0},"end":{"line":80,"column":2}},"5":{"start":{"line":11,"column":37},"end":{"line":11,"column":46}},"6":{"start":{"line":12,"column":31},"end":{"line":12,"column":42}},"7":{"start":{"line":13,"column":19},"end":{"line":13,"column":65}},"8":{"start":{"line":14,"column":4},"end":{"line":19,"column":5}},"9":{"start":{"line":15,"column":25},"end":{"line":15,"column":76}},"10":{"start":{"line":16,"column":19},"end":{"line":16,"column":84}},"11":{"start":{"line":17,"column":6},"end":{"line":17,"column":44}},"12":{"start":{"line":18,"column":6},"end":{"line":18,"column":30}},"13":{"start":{"line":20,"column":4},"end":{"line":20,"column":47}},"14":{"start":{"line":23,"column":18},"end":{"line":23,"column":56}},"15":{"start":{"line":24,"column":4},"end":{"line":24,"column":105}},"16":{"start":{"line":24,"column":16},"end":{"line":24,"column":105}},"17":{"start":{"line":25,"column":4},"end":{"line":25,"column":20}},"18":{"start":{"line":30,"column":8},"end":{"line":30,"column":16}},"19":{"start":{"line":31,"column":4},"end":{"line":45,"column":5}},"20":{"start":{"line":32,"column":20},"end":{"line":32,"column":22}},"21":{"start":{"line":33,"column":6},"end":{"line":38,"column":9}},"22":{"start":{"line":34,"column":29},"end":{"line":34,"column":62}},"23":{"start":{"line":35,"column":8},"end":{"line":37,"column":9}},"24":{"start":{"line":36,"column":10},"end":{"line":36,"column":69}},"25":{"start":{"line":39,"column":6},"end":{"line":41,"column":7}},"26":{"start":{"line":40,"column":8},"end":{"line":40,"column":73}},"27":{"start":{"line":42,"column":6},"end":{"line":42,"column":73}},"28":{"start":{"line":42,"column":32},"end":{"line":42,"column":73}},"29":{"start":{"line":43,"column":20},"end":{"line":43,"column":63}},"30":{"start":{"line":44,"column":6},"end":{"line":44,"column":29}},"31":{"start":{"line":46,"column":4},"end":{"line":46,"column":77}},"32":{"start":{"line":50,"column":18},"end":{"line":50,"column":56}},"33":{"start":{"line":51,"column":4},"end":{"line":51,"column":112}},"34":{"start":{"line":51,"column":16},"end":{"line":51,"column":112}},"35":{"start":{"line":54,"column":8},"end":{"line":54,"column":16}},"36":{"start":{"line":55,"column":4},"end":{"line":71,"column":5}},"37":{"start":{"line":56,"column":20},"end":{"line":56,"column":22}},"38":{"start":{"line":57,"column":6},"end":{"line":59,"column":7}},"39":{"start":{"line":58,"column":8},"end":{"line":58,"column":73}},"40":{"start":{"line":60,"column":6},"end":{"line":67,"column":7}},"41":{"start":{"line":61,"column":8},"end":{"line":66,"column":11}},"42":{"start":{"line":62,"column":31},"end":{"line":62,"column":64}},"43":{"start":{"line":63,"column":10},"end":{"line":65,"column":11}},"44":{"start":{"line":64,"column":12},"end":{"line":64,"column":71}},"45":{"start":{"line":68,"column":6},"end":{"line":68,"column":73}},"46":{"start":{"line":68,"column":32},"end":{"line":68,"column":73}},"47":{"start":{"line":69,"column":27},"end":{"line":69,"column":66}},"48":{"start":{"line":70,"column":6},"end":{"line":70,"column":36}},"49":{"start":{"line":72,"column":4},"end":{"line":72,"column":69}},"50":{"start":{"line":75,"column":18},"end":{"line":75,"column":56}},"51":{"start":{"line":76,"column":4},"end":{"line":76,"column":105}},"52":{"start":{"line":76,"column":16},"end":{"line":76,"column":105}},"53":{"start":{"line":77,"column":4},"end":{"line":77,"column":34}},"54":{"start":{"line":78,"column":4},"end":{"line":78,"column":20}}},"fnMap":{"0":{"name":"(anonymous_0)","decl":{"start":{"line":10,"column":13},"end":{"line":10,"column":14}},"loc":{"start":{"line":10,"column":33},"end":{"line":21,"column":3}},"line":10},"1":{"name":"(anonymous_1)","decl":{"start":{"line":22,"column":16},"end":{"line":22,"column":17}},"loc":{"start":{"line":22,"column":36},"end":{"line":26,"column":3}},"line":22},"2":{"name":"(anonymous_2)","decl":{"start":{"line":27,"column":15},"end":{"line":27,"column":16}},"loc":{"start":{"line":27,"column":35},"end":{"line":47,"column":3}},"line":27},"3":{"name":"(anonymous_3)","decl":{"start":{"line":33,"column":29},"end":{"line":33,"column":30}},"loc":{"start":{"line":33,"column":42},"end":{"line":38,"column":7}},"line":33},"4":{"name":"(anonymous_4)","decl":{"start":{"line":49,"column":12},"end":{"line":49,"column":13}},"loc":{"start":{"line":49,"column":32},"end":{"line":73,"column":3}},"line":49},"5":{"name":"(anonymous_5)","decl":{"start":{"line":61,"column":31},"end":{"line":61,"column":32}},"loc":{"start":{"line":61,"column":44},"end":{"line":66,"column":9}},"line":61},"6":{"name":"(anonymous_6)","decl":{"start":{"line":74,"column":15},"end":{"line":74,"column":16}},"loc":{"start":{"line":74,"column":35},"end":{"line":79,"column":3}},"line":74}},"branchMap":{"0":{"loc":{"start":{"line":11,"column":12},"end":{"line":11,"column":20}},"type":"default-arg","locations":[{"start":{"line":11,"column":19},"end":{"line":11,"column":20}}],"line":11},"1":{"loc":{"start":{"line":11,"column":22},"end":{"line":11,"column":32}},"type":"default-arg","locations":[{"start":{"line":11,"column":30},"end":{"line":11,"column":32}}],"line":11},"2":{"loc":{"start":{"line":14,"column":4},"end":{"line":19,"column":5}},"type":"if","locations":[{"start":{"line":14,"column":4},"end":{"line":19,"column":5}},{"start":{"line":14,"column":4},"end":{"line":19,"column":5}}],"line":14},"3":{"loc":{"start":{"line":24,"column":4},"end":{"line":24,"column":105}},"type":"if","locations":[{"start":{"line":24,"column":4},"end":{"line":24,"column":105}},{"start":{"line":24,"column":4},"end":{"line":24,"column":105}}],"line":24},"4":{"loc":{"start":{"line":31,"column":4},"end":{"line":45,"column":5}},"type":"if","locations":[{"start":{"line":31,"column":4},"end":{"line":45,"column":5}},{"start":{"line":31,"column":4},"end":{"line":45,"column":5}}],"line":31},"5":{"loc":{"start":{"line":31,"column":8},"end":{"line":31,"column":51}},"type":"binary-expr","locations":[{"start":{"line":31,"column":8},"end":{"line":31,"column":14}},{"start":{"line":31,"column":18},"end":{"line":31,"column":26}},{"start":{"line":31,"column":30},"end":{"line":31,"column":51}}],"line":31},"6":{"loc":{"start":{"line":35,"column":8},"end":{"line":37,"column":9}},"type":"if","locations":[{"start":{"line":35,"column":8},"end":{"line":37,"column":9}},{"start":{"line":35,"column":8},"end":{"line":37,"column":9}}],"line":35},"7":{"loc":{"start":{"line":39,"column":6},"end":{"line":41,"column":7}},"type":"if","locations":[{"start":{"line":39,"column":6},"end":{"line":41,"column":7}},{"start":{"line":39,"column":6},"end":{"line":41,"column":7}}],"line":39},"8":{"loc":{"start":{"line":39,"column":10},"end":{"line":39,"column":103}},"type":"binary-expr","locations":[{"start":{"line":39,"column":10},"end":{"line":39,"column":16}},{"start":{"line":39,"column":20},"end":{"line":39,"column":103}}],"line":39},"9":{"loc":{"start":{"line":42,"column":6},"end":{"line":42,"column":73}},"type":"if","locations":[{"start":{"line":42,"column":6},"end":{"line":42,"column":73}},{"start":{"line":42,"column":6},"end":{"line":42,"column":73}}],"line":42},"10":{"loc":{"start":{"line":51,"column":4},"end":{"line":51,"column":112}},"type":"if","locations":[{"start":{"line":51,"column":4},"end":{"line":51,"column":112}},{"start":{"line":51,"column":4},"end":{"line":51,"column":112}}],"line":51},"11":{"loc":{"start":{"line":55,"column":4},"end":{"line":71,"column":5}},"type":"if","locations":[{"start":{"line":55,"column":4},"end":{"line":71,"column":5}},{"start":{"line":55,"column":4},"end":{"line":71,"column":5}}],"line":55},"12":{"loc":{"start":{"line":55,"column":8},"end":{"line":55,"column":46}},"type":"binary-expr","locations":[{"start":{"line":55,"column":8},"end":{"line":55,"column":14}},{"start":{"line":55,"column":18},"end":{"line":55,"column":24}},{"start":{"line":55,"column":28},"end":{"line":55,"column":36}},{"start":{"line":55,"column":40},"end":{"line":55,"column":46}}],"line":55},"13":{"loc":{"start":{"line":57,"column":6},"end":{"line":59,"column":7}},"type":"if","locations":[{"start":{"line":57,"column":6},"end":{"line":59,"column":7}},{"start":{"line":57,"column":6},"end":{"line":59,"column":7}}],"line":57},"14":{"loc":{"start":{"line":57,"column":10},"end":{"line":57,"column":103}},"type":"binary-expr","locations":[{"start":{"line":57,"column":10},"end":{"line":57,"column":16}},{"start":{"line":57,"column":20},"end":{"line":57,"column":103}}],"line":57},"15":{"loc":{"start":{"line":60,"column":6},"end":{"line":67,"column":7}},"type":"if","locations":[{"start":{"line":60,"column":6},"end":{"line":67,"column":7}},{"start":{"line":60,"column":6},"end":{"line":67,"column":7}}],"line":60},"16":{"loc":{"start":{"line":60,"column":10},"end":{"line":60,"column":43}},"type":"binary-expr","locations":[{"start":{"line":60,"column":10},"end":{"line":60,"column":18}},{"start":{"line":60,"column":22},"end":{"line":60,"column":43}}],"line":60},"17":{"loc":{"start":{"line":63,"column":10},"end":{"line":65,"column":11}},"type":"if","locations":[{"start":{"line":63,"column":10},"end":{"line":65,"column":11}},{"start":{"line":63,"column":10},"end":{"line":65,"column":11}}],"line":63},"18":{"loc":{"start":{"line":68,"column":6},"end":{"line":68,"column":73}},"type":"if","locations":[{"start":{"line":68,"column":6},"end":{"line":68,"column":73}},{"start":{"line":68,"column":6},"end":{"line":68,"column":73}}],"line":68},"19":{"loc":{"start":{"line":76,"column":4},"end":{"line":76,"column":105}},"type":"if","locations":[{"start":{"line":76,"column":4},"end":{"line":76,"column":105}},{"start":{"line":76,"column":4},"end":{"line":76,"column":105}}],"line":76}},"s":{"0":2,"1":2,"2":2,"3":2,"4":2,"5":0,"6":0,"7":0,"8":0,"9":0,"10":0,"11":0,"12":0,"13":0,"14":0,"15":0,"16":0,"17":0,"18":0,"19":0,"20":0,"21":0,"22":0,"23":0,"24":0,"25":0,"26":0,"27":0,"28":0,"29":0,"30":0,"31":0,"32":0,"33":0,"34":0,"35":0,"36":0,"37":0,"38":0,"39":0,"40":0,"41":0,"42":0,"43":0,"44":0,"45":0,"46":0,"47":0,"48":0,"49":0,"50":0,"51":0,"52":0,"53":0,"54":0},"f":{"0":0,"1":0,"2":0,"3":0,"4":0,"5":0,"6":0},"b":{"0":[0],"1":[0],"2":[0,0],"3":[0,0],"4":[0,0],"5":[0,0,0],"6":[0,0],"7":[0,0],"8":[0,0],"9":[0,0],"10":[0,0],"11":[0,0],"12":[0,0,0,0],"13":[0,0],"14":[0,0],"15":[0,0],"16":[0,0],"17":[0,0],"18":[0,0],"19":[0,0]},"_coverageSchema":"1a1c01bbd47fc00a2c39e90264f33305004495a9","hash":"f74aa2d598ad8264ce673de72cdb1f1637ebec65"}
,"C:\\Users\\aliss\\Desktop\\Proyectos\\Laboratoria\\LIM015-burger-queen-api\\src\\controller\\products.js": {"path":"C:\\Users\\aliss\\Desktop\\Proyectos\\Laboratoria\\LIM015-burger-queen-api\\src\\controller\\products.js","statementMap":{"0":{"start":{"line":7,"column":4},"end":{"line":7,"column":35}},"1":{"start":{"line":8,"column":0},"end":{"line":8,"column":30}},"2":{"start":{"line":9,"column":27},"end":{"line":9,"column":51}},"3":{"start":{"line":11,"column":0},"end":{"line":54,"column":2}},"4":{"start":{"line":13,"column":37},"end":{"line":13,"column":46}},"5":{"start":{"line":14,"column":31},"end":{"line":14,"column":42}},"6":{"start":{"line":15,"column":23},"end":{"line":15,"column":74}},"7":{"start":{"line":16,"column":21},"end":{"line":16,"column":67}},"8":{"start":{"line":17,"column":17},"end":{"line":17,"column":84}},"9":{"start":{"line":18,"column":4},"end":{"line":18,"column":42}},"10":{"start":{"line":19,"column":4},"end":{"line":19,"column":23}},"11":{"start":{"line":22,"column":20},"end":{"line":22,"column":62}},"12":{"start":{"line":23,"column":4},"end":{"line":23,"column":111}},"13":{"start":{"line":23,"column":18},"end":{"line":23,"column":111}},"14":{"start":{"line":24,"column":4},"end":{"line":24,"column":22}},"15":{"start":{"line":29,"column":8},"end":{"line":29,"column":16}},"16":{"start":{"line":30,"column":4},"end":{"line":30,"column":93}},"17":{"start":{"line":30,"column":25},"end":{"line":30,"column":93}},"18":{"start":{"line":31,"column":4},"end":{"line":31,"column":120}},"19":{"start":{"line":31,"column":44},"end":{"line":31,"column":120}},"20":{"start":{"line":32,"column":20},"end":{"line":32,"column":65}},"21":{"start":{"line":33,"column":4},"end":{"line":33,"column":22}},"22":{"start":{"line":36,"column":20},"end":{"line":36,"column":62}},"23":{"start":{"line":37,"column":4},"end":{"line":37,"column":111}},"24":{"start":{"line":37,"column":18},"end":{"line":37,"column":111}},"25":{"start":{"line":40,"column":8},"end":{"line":40,"column":16}},"26":{"start":{"line":41,"column":4},"end":{"line":45,"column":5}},"27":{"start":{"line":42,"column":6},"end":{"line":42,"column":122}},"28":{"start":{"line":42,"column":46},"end":{"line":42,"column":122}},"29":{"start":{"line":43,"column":29},"end":{"line":43,"column":70}},"30":{"start":{"line":44,"column":6},"end":{"line":44,"column":38}},"31":{"start":{"line":46,"column":4},"end":{"line":46,"column":69}},"32":{"start":{"line":49,"column":20},"end":{"line":49,"column":62}},"33":{"start":{"line":50,"column":4},"end":{"line":50,"column":111}},"34":{"start":{"line":50,"column":18},"end":{"line":50,"column":111}},"35":{"start":{"line":51,"column":4},"end":{"line":51,"column":36}},"36":{"start":{"line":52,"column":4},"end":{"line":52,"column":22}}},"fnMap":{"0":{"name":"(anonymous_0)","decl":{"start":{"line":12,"column":15},"end":{"line":12,"column":16}},"loc":{"start":{"line":12,"column":35},"end":{"line":20,"column":3}},"line":12},"1":{"name":"(anonymous_1)","decl":{"start":{"line":21,"column":18},"end":{"line":21,"column":19}},"loc":{"start":{"line":21,"column":38},"end":{"line":25,"column":3}},"line":21},"2":{"name":"(anonymous_2)","decl":{"start":{"line":26,"column":17},"end":{"line":26,"column":18}},"loc":{"start":{"line":26,"column":37},"end":{"line":34,"column":3}},"line":26},"3":{"name":"(anonymous_3)","decl":{"start":{"line":35,"column":14},"end":{"line":35,"column":15}},"loc":{"start":{"line":35,"column":34},"end":{"line":47,"column":3}},"line":35},"4":{"name":"(anonymous_4)","decl":{"start":{"line":48,"column":17},"end":{"line":48,"column":18}},"loc":{"start":{"line":48,"column":37},"end":{"line":53,"column":3}},"line":48}},"branchMap":{"0":{"loc":{"start":{"line":13,"column":12},"end":{"line":13,"column":20}},"type":"default-arg","locations":[{"start":{"line":13,"column":19},"end":{"line":13,"column":20}}],"line":13},"1":{"loc":{"start":{"line":13,"column":22},"end":{"line":13,"column":32}},"type":"default-arg","locations":[{"start":{"line":13,"column":30},"end":{"line":13,"column":32}}],"line":13},"2":{"loc":{"start":{"line":23,"column":4},"end":{"line":23,"column":111}},"type":"if","locations":[{"start":{"line":23,"column":4},"end":{"line":23,"column":111}},{"start":{"line":23,"column":4},"end":{"line":23,"column":111}}],"line":23},"3":{"loc":{"start":{"line":30,"column":4},"end":{"line":30,"column":93}},"type":"if","locations":[{"start":{"line":30,"column":4},"end":{"line":30,"column":93}},{"start":{"line":30,"column":4},"end":{"line":30,"column":93}}],"line":30},"4":{"loc":{"start":{"line":30,"column":8},"end":{"line":30,"column":23}},"type":"binary-expr","locations":[{"start":{"line":30,"column":8},"end":{"line":30,"column":13}},{"start":{"line":30,"column":17},"end":{"line":30,"column":23}}],"line":30},"5":{"loc":{"start":{"line":31,"column":4},"end":{"line":31,"column":120}},"type":"if","locations":[{"start":{"line":31,"column":4},"end":{"line":31,"column":120}},{"start":{"line":31,"column":4},"end":{"line":31,"column":120}}],"line":31},"6":{"loc":{"start":{"line":31,"column":8},"end":{"line":31,"column":42}},"type":"binary-expr","locations":[{"start":{"line":31,"column":8},"end":{"line":31,"column":13}},{"start":{"line":31,"column":17},"end":{"line":31,"column":42}}],"line":31},"7":{"loc":{"start":{"line":37,"column":4},"end":{"line":37,"column":111}},"type":"if","locations":[{"start":{"line":37,"column":4},"end":{"line":37,"column":111}},{"start":{"line":37,"column":4},"end":{"line":37,"column":111}}],"line":37},"8":{"loc":{"start":{"line":41,"column":4},"end":{"line":45,"column":5}},"type":"if","locations":[{"start":{"line":41,"column":4},"end":{"line":45,"column":5}},{"start":{"line":41,"column":4},"end":{"line":45,"column":5}}],"line":41},"9":{"loc":{"start":{"line":41,"column":8},"end":{"line":41,"column":39}},"type":"binary-expr","locations":[{"start":{"line":41,"column":8},"end":{"line":41,"column":12}},{"start":{"line":41,"column":16},"end":{"line":41,"column":21}},{"start":{"line":41,"column":25},"end":{"line":41,"column":31}},{"start":{"line":41,"column":35},"end":{"line":41,"column":39}}],"line":41},"10":{"loc":{"start":{"line":42,"column":6},"end":{"line":42,"column":122}},"type":"if","locations":[{"start":{"line":42,"column":6},"end":{"line":42,"column":122}},{"start":{"line":42,"column":6},"end":{"line":42,"column":122}}],"line":42},"11":{"loc":{"start":{"line":42,"column":10},"end":{"line":42,"column":44}},"type":"binary-expr","locations":[{"start":{"line":42,"column":10},"end":{"line":42,"column":15}},{"start":{"line":42,"column":19},"end":{"line":42,"column":44}}],"line":42},"12":{"loc":{"start":{"line":50,"column":4},"end":{"line":50,"column":111}},"type":"if","locations":[{"start":{"line":50,"column":4},"end":{"line":50,"column":111}},{"start":{"line":50,"column":4},"end":{"line":50,"column":111}}],"line":50}},"s":{"0":2,"1":2,"2":2,"3":2,"4":0,"5":0,"6":0,"7":0,"8":0,"9":0,"10":0,"11":0,"12":0,"13":0,"14":0,"15":0,"16":0,"17":0,"18":0,"19":0,"20":0,"21":0,"22":0,"23":0,"24":0,"25":0,"26":0,"27":0,"28":0,"29":0,"30":0,"31":0,"32":0,"33":0,"34":0,"35":0,"36":0},"f":{"0":0,"1":0,"2":0,"3":0,"4":0},"b":{"0":[0],"1":[0],"2":[0,0],"3":[0,0],"4":[0,0],"5":[0,0],"6":[0,0],"7":[0,0],"8":[0,0],"9":[0,0,0,0],"10":[0,0],"11":[0,0],"12":[0,0]},"_coverageSchema":"1a1c01bbd47fc00a2c39e90264f33305004495a9","hash":"157372458f23ad98999f780de56e1bb890663d4c"}
,"C:\\Users\\aliss\\Desktop\\Proyectos\\Laboratoria\\LIM015-burger-queen-api\\src\\controller\\users.js": {"path":"C:\\Users\\aliss\\Desktop\\Proyectos\\Laboratoria\\LIM015-burger-queen-api\\src\\controller\\users.js","statementMap":{"0":{"start":{"line":8,"column":4},"end":{"line":8,"column":32}},"1":{"start":{"line":9,"column":20},"end":{"line":9,"column":49}},"2":{"start":{"line":11,"column":58},"end":{"line":11,"column":82}},"3":{"start":{"line":13,"column":0},"end":{"line":72,"column":2}},"4":{"start":{"line":16,"column":37},"end":{"line":16,"column":46}},"5":{"start":{"line":17,"column":31},"end":{"line":17,"column":42}},"6":{"start":{"line":18,"column":23},"end":{"line":18,"column":85}},"7":{"start":{"line":19,"column":18},"end":{"line":19,"column":75}},"8":{"start":{"line":20,"column":17},"end":{"line":20,"column":81}},"9":{"start":{"line":21,"column":4},"end":{"line":21,"column":43}},"10":{"start":{"line":22,"column":4},"end":{"line":22,"column":27}},"11":{"start":{"line":25,"column":17},"end":{"line":25,"column":57}},"12":{"start":{"line":26,"column":4},"end":{"line":26,"column":99}},"13":{"start":{"line":26,"column":15},"end":{"line":26,"column":99}},"14":{"start":{"line":27,"column":4},"end":{"line":29,"column":5}},"15":{"start":{"line":28,"column":6},"end":{"line":28,"column":28}},"16":{"start":{"line":30,"column":4},"end":{"line":30,"column":21}},"17":{"start":{"line":33,"column":39},"end":{"line":33,"column":47}},"18":{"start":{"line":34,"column":4},"end":{"line":34,"column":102}},"19":{"start":{"line":34,"column":29},"end":{"line":34,"column":102}},"20":{"start":{"line":35,"column":4},"end":{"line":35,"column":142}},"21":{"start":{"line":35,"column":60},"end":{"line":35,"column":142}},"22":{"start":{"line":36,"column":22},"end":{"line":36,"column":49}},"23":{"start":{"line":37,"column":4},"end":{"line":37,"column":104}},"24":{"start":{"line":37,"column":19},"end":{"line":37,"column":104}},"25":{"start":{"line":38,"column":17},"end":{"line":38,"column":64}},"26":{"start":{"line":39,"column":4},"end":{"line":39,"column":26}},"27":{"start":{"line":42,"column":18},"end":{"line":42,"column":36}},"28":{"start":{"line":43,"column":17},"end":{"line":43,"column":57}},"29":{"start":{"line":44,"column":4},"end":{"line":44,"column":99}},"30":{"start":{"line":44,"column":15},"end":{"line":44,"column":99}},"31":{"start":{"line":45,"column":4},"end":{"line":47,"column":5}},"32":{"start":{"line":46,"column":6},"end":{"line":46,"column":95}},"33":{"start":{"line":48,"column":37},"end":{"line":48,"column":45}},"34":{"start":{"line":49,"column":4},"end":{"line":51,"column":5}},"35":{"start":{"line":50,"column":6},"end":{"line":50,"column":103}},"36":{"start":{"line":52,"column":4},"end":{"line":54,"column":5}},"37":{"start":{"line":53,"column":6},"end":{"line":53,"column":79}},"38":{"start":{"line":55,"column":4},"end":{"line":55,"column":109}},"39":{"start":{"line":55,"column":39},"end":{"line":55,"column":109}},"40":{"start":{"line":56,"column":4},"end":{"line":56,"column":121}},"41":{"start":{"line":56,"column":48},"end":{"line":56,"column":121}},"42":{"start":{"line":57,"column":4},"end":{"line":57,"column":46}},"43":{"start":{"line":57,"column":19},"end":{"line":57,"column":46}},"44":{"start":{"line":58,"column":4},"end":{"line":58,"column":37}},"45":{"start":{"line":58,"column":16},"end":{"line":58,"column":37}},"46":{"start":{"line":59,"column":4},"end":{"line":59,"column":37}},"47":{"start":{"line":59,"column":16},"end":{"line":59,"column":37}},"48":{"start":{"line":60,"column":23},"end":{"line":60,"column":91}},"49":{"start":{"line":61,"column":4},"end":{"line":61,"column":32}},"50":{"start":{"line":64,"column":17},"end":{"line":64,"column":57}},"51":{"start":{"line":65,"column":4},"end":{"line":65,"column":99}},"52":{"start":{"line":65,"column":15},"end":{"line":65,"column":99}},"53":{"start":{"line":66,"column":4},"end":{"line":68,"column":5}},"54":{"start":{"line":67,"column":6},"end":{"line":67,"column":95}},"55":{"start":{"line":69,"column":4},"end":{"line":69,"column":49}},"56":{"start":{"line":70,"column":4},"end":{"line":70,"column":26}}},"fnMap":{"0":{"name":"(anonymous_0)","decl":{"start":{"line":14,"column":12},"end":{"line":14,"column":13}},"loc":{"start":{"line":14,"column":32},"end":{"line":23,"column":3}},"line":14},"1":{"name":"(anonymous_1)","decl":{"start":{"line":24,"column":15},"end":{"line":24,"column":16}},"loc":{"start":{"line":24,"column":41},"end":{"line":31,"column":3}},"line":24},"2":{"name":"(anonymous_2)","decl":{"start":{"line":32,"column":14},"end":{"line":32,"column":15}},"loc":{"start":{"line":32,"column":34},"end":{"line":40,"column":3}},"line":32},"3":{"name":"(anonymous_3)","decl":{"start":{"line":41,"column":11},"end":{"line":41,"column":12}},"loc":{"start":{"line":41,"column":31},"end":{"line":62,"column":3}},"line":41},"4":{"name":"(anonymous_4)","decl":{"start":{"line":63,"column":14},"end":{"line":63,"column":15}},"loc":{"start":{"line":63,"column":34},"end":{"line":71,"column":3}},"line":63}},"branchMap":{"0":{"loc":{"start":{"line":16,"column":12},"end":{"line":16,"column":20}},"type":"default-arg","locations":[{"start":{"line":16,"column":19},"end":{"line":16,"column":20}}],"line":16},"1":{"loc":{"start":{"line":16,"column":22},"end":{"line":16,"column":32}},"type":"default-arg","locations":[{"start":{"line":16,"column":30},"end":{"line":16,"column":32}}],"line":16},"2":{"loc":{"start":{"line":26,"column":4},"end":{"line":26,"column":99}},"type":"if","locations":[{"start":{"line":26,"column":4},"end":{"line":26,"column":99}},{"start":{"line":26,"column":4},"end":{"line":26,"column":99}}],"line":26},"3":{"loc":{"start":{"line":27,"column":4},"end":{"line":29,"column":5}},"type":"if","locations":[{"start":{"line":27,"column":4},"end":{"line":29,"column":5}},{"start":{"line":27,"column":4},"end":{"line":29,"column":5}}],"line":27},"4":{"loc":{"start":{"line":27,"column":8},"end":{"line":27,"column":70}},"type":"binary-expr","locations":[{"start":{"line":27,"column":8},"end":{"line":27,"column":48}},{"start":{"line":27,"column":52},"end":{"line":27,"column":70}}],"line":27},"5":{"loc":{"start":{"line":34,"column":4},"end":{"line":34,"column":102}},"type":"if","locations":[{"start":{"line":34,"column":4},"end":{"line":34,"column":102}},{"start":{"line":34,"column":4},"end":{"line":34,"column":102}}],"line":34},"6":{"loc":{"start":{"line":34,"column":8},"end":{"line":34,"column":27}},"type":"binary-expr","locations":[{"start":{"line":34,"column":8},"end":{"line":34,"column":14}},{"start":{"line":34,"column":18},"end":{"line":34,"column":27}}],"line":34},"7":{"loc":{"start":{"line":35,"column":4},"end":{"line":35,"column":142}},"type":"if","locations":[{"start":{"line":35,"column":4},"end":{"line":35,"column":142}},{"start":{"line":35,"column":4},"end":{"line":35,"column":142}}],"line":35},"8":{"loc":{"start":{"line":35,"column":8},"end":{"line":35,"column":58}},"type":"binary-expr","locations":[{"start":{"line":35,"column":8},"end":{"line":35,"column":28}},{"start":{"line":35,"column":32},"end":{"line":35,"column":58}}],"line":35},"9":{"loc":{"start":{"line":37,"column":4},"end":{"line":37,"column":104}},"type":"if","locations":[{"start":{"line":37,"column":4},"end":{"line":37,"column":104}},{"start":{"line":37,"column":4},"end":{"line":37,"column":104}}],"line":37},"10":{"loc":{"start":{"line":44,"column":4},"end":{"line":44,"column":99}},"type":"if","locations":[{"start":{"line":44,"column":4},"end":{"line":44,"column":99}},{"start":{"line":44,"column":4},"end":{"line":44,"column":99}}],"line":44},"11":{"loc":{"start":{"line":45,"column":4},"end":{"line":47,"column":5}},"type":"if","locations":[{"start":{"line":45,"column":4},"end":{"line":47,"column":5}},{"start":{"line":45,"column":4},"end":{"line":47,"column":5}}],"line":45},"12":{"loc":{"start":{"line":45,"column":8},"end":{"line":45,"column":58}},"type":"binary-expr","locations":[{"start":{"line":45,"column":8},"end":{"line":45,"column":48}},{"start":{"line":45,"column":52},"end":{"line":45,"column":58}}],"line":45},"13":{"loc":{"start":{"line":49,"column":4},"end":{"line":51,"column":5}},"type":"if","locations":[{"start":{"line":49,"column":4},"end":{"line":51,"column":5}},{"start":{"line":49,"column":4},"end":{"line":51,"column":5}}],"line":49},"14":{"loc":{"start":{"line":49,"column":8},"end":{"line":49,"column":23}},"type":"binary-expr","locations":[{"start":{"line":49,"column":8},"end":{"line":49,"column":13}},{"start":{"line":49,"column":17},"end":{"line":49,"column":23}}],"line":49},"15":{"loc":{"start":{"line":52,"column":4},"end":{"line":54,"column":5}},"type":"if","locations":[{"start":{"line":52,"column":4},"end":{"line":54,"column":5}},{"start":{"line":52,"column":4},"end":{"line":54,"column":5}}],"line":52},"16":{"loc":{"start":{"line":52,"column":8},"end":{"line":52,"column":79}},"type":"binary-expr","locations":[{"start":{"line":52,"column":9},"end":{"line":52,"column":43}},{"start":{"line":52,"column":48},"end":{"line":52,"column":60}},{"start":{"line":52,"column":64},"end":{"line":52,"column":79}}],"line":52},"17":{"loc":{"start":{"line":55,"column":4},"end":{"line":55,"column":109}},"type":"if","locations":[{"start":{"line":55,"column":4},"end":{"line":55,"column":109}},{"start":{"line":55,"column":4},"end":{"line":55,"column":109}}],"line":55},"18":{"loc":{"start":{"line":55,"column":8},"end":{"line":55,"column":37}},"type":"binary-expr","locations":[{"start":{"line":55,"column":8},"end":{"line":55,"column":13}},{"start":{"line":55,"column":17},"end":{"line":55,"column":37}}],"line":55},"19":{"loc":{"start":{"line":56,"column":4},"end":{"line":56,"column":121}},"type":"if","locations":[{"start":{"line":56,"column":4},"end":{"line":56,"column":121}},{"start":{"line":56,"column":4},"end":{"line":56,"column":121}}],"line":56},"20":{"loc":{"start":{"line":56,"column":8},"end":{"line":56,"column":46}},"type":"binary-expr","locations":[{"start":{"line":56,"column":8},"end":{"line":56,"column":16}},{"start":{"line":56,"column":20},"end":{"line":56,"column":46}}],"line":56},"21":{"loc":{"start":{"line":57,"column":4},"end":{"line":57,"column":46}},"type":"if","locations":[{"start":{"line":57,"column":4},"end":{"line":57,"column":46}},{"start":{"line":57,"column":4},"end":{"line":57,"column":46}}],"line":57},"22":{"loc":{"start":{"line":58,"column":4},"end":{"line":58,"column":37}},"type":"if","locations":[{"start":{"line":58,"column":4},"end":{"line":58,"column":37}},{"start":{"line":58,"column":4},"end":{"line":58,"column":37}}],"line":58},"23":{"loc":{"start":{"line":59,"column":4},"end":{"line":59,"column":37}},"type":"if","locations":[{"start":{"line":59,"column":4},"end":{"line":59,"column":37}},{"start":{"line":59,"column":4},"end":{"line":59,"column":37}}],"line":59},"24":{"loc":{"start":{"line":65,"column":4},"end":{"line":65,"column":99}},"type":"if","locations":[{"start":{"line":65,"column":4},"end":{"line":65,"column":99}},{"start":{"line":65,"column":4},"end":{"line":65,"column":99}}],"line":65},"25":{"loc":{"start":{"line":66,"column":4},"end":{"line":68,"column":5}},"type":"if","locations":[{"start":{"line":66,"column":4},"end":{"line":68,"column":5}},{"start":{"line":66,"column":4},"end":{"line":68,"column":5}}],"line":66},"26":{"loc":{"start":{"line":66,"column":8},"end":{"line":66,"column":71}},"type":"binary-expr","locations":[{"start":{"line":66,"column":8},"end":{"line":66,"column":48}},{"start":{"line":66,"column":52},"end":{"line":66,"column":71}}],"line":66}},"s":{"0":2,"1":2,"2":2,"3":2,"4":1,"5":1,"6":1,"7":1,"8":1,"9":1,"10":1,"11":3,"12":3,"13":1,"14":2,"15":1,"16":1,"17":7,"18":7,"19":1,"20":6,"21":2,"22":4,"23":4,"24":1,"25":3,"26":3,"27":8,"28":8,"29":8,"30":1,"31":7,"32":1,"33":6,"34":6,"35":1,"36":5,"37":1,"38":4,"39":1,"40":3,"41":1,"42":2,"43":2,"44":2,"45":1,"46":2,"47":1,"48":2,"49":2,"50":5,"51":5,"52":1,"53":4,"54":1,"55":3,"56":3},"f":{"0":1,"1":3,"2":7,"3":8,"4":5},"b":{"0":[1],"1":[1],"2":[1,2],"3":[1,1],"4":[2,1],"5":[1,6],"6":[7,7],"7":[2,4],"8":[6,5],"9":[1,3],"10":[1,7],"11":[1,6],"12":[7,2],"13":[1,5],"14":[6,2],"15":[1,4],"16":[5,4,4],"17":[1,3],"18":[4,3],"19":[1,2],"20":[3,1],"21":[2,0],"22":[1,1],"23":[1,1],"24":[1,4],"25":[1,3],"26":[4,4]},"_coverageSchema":"1a1c01bbd47fc00a2c39e90264f33305004495a9","hash":"fe658c7a9031c92b5674ff3b330b9f7b8938ddc8"}
,"C:\\Users\\aliss\\Desktop\\Proyectos\\Laboratoria\\LIM015-burger-queen-api\\src\\middleware\\auth.js": {"path":"C:\\Users\\aliss\\Desktop\\Proyectos\\Laboratoria\\LIM015-burger-queen-api\\src\\middleware\\auth.js","statementMap":{"0":{"start":{"line":3,"column":12},"end":{"line":3,"column":35}},"1":{"start":{"line":4,"column":31},"end":{"line":4,"column":59}},"2":{"start":{"line":6,"column":0},"end":{"line":23,"column":2}},"3":{"start":{"line":6,"column":29},"end":{"line":23,"column":1}},"4":{"start":{"line":7,"column":28},"end":{"line":7,"column":39}},"5":{"start":{"line":8,"column":2},"end":{"line":8,"column":36}},"6":{"start":{"line":8,"column":22},"end":{"line":8,"column":36}},"7":{"start":{"line":9,"column":24},"end":{"line":9,"column":48}},"8":{"start":{"line":10,"column":2},"end":{"line":10,"column":53}},"9":{"start":{"line":10,"column":39},"end":{"line":10,"column":53}},"10":{"start":{"line":12,"column":2},"end":{"line":22,"column":5}},"11":{"start":{"line":13,"column":4},"end":{"line":13,"column":30}},"12":{"start":{"line":13,"column":13},"end":{"line":13,"column":30}},"13":{"start":{"line":15,"column":4},"end":{"line":21,"column":30}},"14":{"start":{"line":17,"column":8},"end":{"line":17,"column":84}},"15":{"start":{"line":17,"column":24},"end":{"line":17,"column":84}},"16":{"start":{"line":18,"column":8},"end":{"line":18,"column":37}},"17":{"start":{"line":19,"column":8},"end":{"line":19,"column":22}},"18":{"start":{"line":21,"column":19},"end":{"line":21,"column":28}},"19":{"start":{"line":25,"column":0},"end":{"line":25,"column":62}},"20":{"start":{"line":25,"column":43},"end":{"line":25,"column":60}},"21":{"start":{"line":27,"column":0},"end":{"line":31,"column":2}},"22":{"start":{"line":29,"column":15},"end":{"line":29,"column":57}},"23":{"start":{"line":30,"column":2},"end":{"line":30,"column":26}},"24":{"start":{"line":33,"column":0},"end":{"line":35,"column":12}},"25":{"start":{"line":33,"column":51},"end":{"line":35,"column":10}},"26":{"start":{"line":37,"column":0},"end":{"line":41,"column":2}},"27":{"start":{"line":38,"column":2},"end":{"line":38,"column":61}},"28":{"start":{"line":38,"column":44},"end":{"line":38,"column":61}},"29":{"start":{"line":39,"column":2},"end":{"line":39,"column":59}},"30":{"start":{"line":39,"column":42},"end":{"line":39,"column":59}},"31":{"start":{"line":40,"column":2},"end":{"line":40,"column":16}}},"fnMap":{"0":{"name":"(anonymous_0)","decl":{"start":{"line":6,"column":17},"end":{"line":6,"column":18}},"loc":{"start":{"line":6,"column":29},"end":{"line":23,"column":1}},"line":6},"1":{"name":"(anonymous_1)","decl":{"start":{"line":6,"column":29},"end":{"line":6,"column":30}},"loc":{"start":{"line":6,"column":50},"end":{"line":23,"column":1}},"line":6},"2":{"name":"(anonymous_2)","decl":{"start":{"line":12,"column":28},"end":{"line":12,"column":29}},"loc":{"start":{"line":12,"column":51},"end":{"line":22,"column":3}},"line":12},"3":{"name":"(anonymous_3)","decl":{"start":{"line":16,"column":12},"end":{"line":16,"column":13}},"loc":{"start":{"line":16,"column":27},"end":{"line":20,"column":7}},"line":16},"4":{"name":"(anonymous_4)","decl":{"start":{"line":21,"column":13},"end":{"line":21,"column":14}},"loc":{"start":{"line":21,"column":19},"end":{"line":21,"column":28}},"line":21},"5":{"name":"(anonymous_5)","decl":{"start":{"line":25,"column":33},"end":{"line":25,"column":34}},"loc":{"start":{"line":25,"column":43},"end":{"line":25,"column":60}},"line":25},"6":{"name":"(anonymous_6)","decl":{"start":{"line":27,"column":25},"end":{"line":27,"column":26}},"loc":{"start":{"line":27,"column":40},"end":{"line":31,"column":1}},"line":27},"7":{"name":"(anonymous_7)","decl":{"start":{"line":33,"column":29},"end":{"line":33,"column":30}},"loc":{"start":{"line":33,"column":51},"end":{"line":35,"column":10}},"line":33},"8":{"name":"(anonymous_8)","decl":{"start":{"line":37,"column":30},"end":{"line":37,"column":31}},"loc":{"start":{"line":37,"column":57},"end":{"line":41,"column":1}},"line":37}},"branchMap":{"0":{"loc":{"start":{"line":8,"column":2},"end":{"line":8,"column":36}},"type":"if","locations":[{"start":{"line":8,"column":2},"end":{"line":8,"column":36}},{"start":{"line":8,"column":2},"end":{"line":8,"column":36}}],"line":8},"1":{"loc":{"start":{"line":10,"column":2},"end":{"line":10,"column":53}},"type":"if","locations":[{"start":{"line":10,"column":2},"end":{"line":10,"column":53}},{"start":{"line":10,"column":2},"end":{"line":10,"column":53}}],"line":10},"2":{"loc":{"start":{"line":13,"column":4},"end":{"line":13,"column":30}},"type":"if","locations":[{"start":{"line":13,"column":4},"end":{"line":13,"column":30}},{"start":{"line":13,"column":4},"end":{"line":13,"column":30}}],"line":13},"3":{"loc":{"start":{"line":17,"column":8},"end":{"line":17,"column":84}},"type":"if","locations":[{"start":{"line":17,"column":8},"end":{"line":17,"column":84}},{"start":{"line":17,"column":8},"end":{"line":17,"column":84}}],"line":17},"4":{"loc":{"start":{"line":33,"column":51},"end":{"line":35,"column":10}},"type":"cond-expr","locations":[{"start":{"line":34,"column":4},"end":{"line":34,"column":13}},{"start":{"line":35,"column":4},"end":{"line":35,"column":10}}],"line":33},"5":{"loc":{"start":{"line":38,"column":2},"end":{"line":38,"column":61}},"type":"if","locations":[{"start":{"line":38,"column":2},"end":{"line":38,"column":61}},{"start":{"line":38,"column":2},"end":{"line":38,"column":61}}],"line":38},"6":{"loc":{"start":{"line":39,"column":2},"end":{"line":39,"column":59}},"type":"if","locations":[{"start":{"line":39,"column":2},"end":{"line":39,"column":59}},{"start":{"line":39,"column":2},"end":{"line":39,"column":59}}],"line":39}},"s":{"0":2,"1":2,"2":2,"3":2,"4":53,"5":53,"6":28,"7":25,"8":25,"9":0,"10":25,"11":25,"12":0,"13":25,"14":25,"15":0,"16":25,"17":25,"18":0,"19":2,"20":25,"21":2,"22":22,"23":22,"24":2,"25":16,"26":2,"27":9,"28":0,"29":9,"30":1,"31":8},"f":{"0":2,"1":53,"2":25,"3":25,"4":0,"5":25,"6":22,"7":16,"8":9},"b":{"0":[28,25],"1":[0,25],"2":[0,25],"3":[0,25],"4":[0,16],"5":[0,9],"6":[1,8]},"_coverageSchema":"1a1c01bbd47fc00a2c39e90264f33305004495a9","hash":"39b65d5397ba71e29ebf0d7e7f7919a18dd84ad9"}
,"C:\\Users\\aliss\\Desktop\\Proyectos\\Laboratoria\\LIM015-burger-queen-api\\src\\middleware\\error.js": {"path":"C:\\Users\\aliss\\Desktop\\Proyectos\\Laboratoria\\LIM015-burger-queen-api\\src\\middleware\\error.js","statementMap":{"0":{"start":{"line":1,"column":19},"end":{"line":7,"column":1}},"1":{"start":{"line":9,"column":31},"end":{"line":9,"column":113}},"2":{"start":{"line":9,"column":40},"end":{"line":9,"column":113}},"3":{"start":{"line":12,"column":0},"end":{"line":21,"column":2}},"4":{"start":{"line":13,"column":21},"end":{"line":13,"column":78}},"5":{"start":{"line":14,"column":18},"end":{"line":14,"column":62}},"6":{"start":{"line":15,"column":2},"end":{"line":17,"column":3}},"7":{"start":{"line":16,"column":4},"end":{"line":16,"column":39}},"8":{"start":{"line":19,"column":2},"end":{"line":19,"column":55}},"9":{"start":{"line":20,"column":2},"end":{"line":20,"column":9}}},"fnMap":{"0":{"name":"(anonymous_0)","decl":{"start":{"line":9,"column":31},"end":{"line":9,"column":32}},"loc":{"start":{"line":9,"column":40},"end":{"line":9,"column":113}},"line":9},"1":{"name":"(anonymous_1)","decl":{"start":{"line":12,"column":17},"end":{"line":12,"column":18}},"loc":{"start":{"line":12,"column":42},"end":{"line":21,"column":1}},"line":12}},"branchMap":{"0":{"loc":{"start":{"line":9,"column":40},"end":{"line":9,"column":113}},"type":"binary-expr","locations":[{"start":{"line":9,"column":40},"end":{"line":9,"column":63}},{"start":{"line":9,"column":67},"end":{"line":9,"column":113}}],"line":9},"1":{"loc":{"start":{"line":13,"column":21},"end":{"line":13,"column":78}},"type":"cond-expr","locations":[{"start":{"line":13,"column":51},"end":{"line":13,"column":54}},{"start":{"line":13,"column":57},"end":{"line":13,"column":78}}],"line":13},"2":{"loc":{"start":{"line":13,"column":57},"end":{"line":13,"column":78}},"type":"binary-expr","locations":[{"start":{"line":13,"column":57},"end":{"line":13,"column":71}},{"start":{"line":13,"column":75},"end":{"line":13,"column":78}}],"line":13},"3":{"loc":{"start":{"line":14,"column":18},"end":{"line":14,"column":62}},"type":"binary-expr","locations":[{"start":{"line":14,"column":18},"end":{"line":14,"column":29}},{"start":{"line":14,"column":33},"end":{"line":14,"column":55}},{"start":{"line":14,"column":59},"end":{"line":14,"column":62}}],"line":14},"4":{"loc":{"start":{"line":15,"column":2},"end":{"line":17,"column":3}},"type":"if","locations":[{"start":{"line":15,"column":2},"end":{"line":17,"column":3}},{"start":{"line":15,"column":2},"end":{"line":17,"column":3}}],"line":15}},"s":{"0":2,"1":2,"2":2,"3":2,"4":2,"5":2,"6":2,"7":0,"8":2,"9":2},"f":{"0":2,"1":2},"b":{"0":[2,2],"1":[2,0],"2":[0,0],"3":[2,2,0],"4":[0,2]},"_coverageSchema":"1a1c01bbd47fc00a2c39e90264f33305004495a9","hash":"8b1feccd7c4c738a4ccba6727940855d30d203fb"}
,"C:\\Users\\aliss\\Desktop\\Proyectos\\Laboratoria\\LIM015-burger-queen-api\\src\\models\\orders.js": {"path":"C:\\Users\\aliss\\Desktop\\Proyectos\\Laboratoria\\LIM015-burger-queen-api\\src\\models\\orders.js","statementMap":{"0":{"start":{"line":1,"column":26},"end":{"line":1,"column":45}},"1":{"start":{"line":3,"column":20},"end":{"line":35,"column":1}},"2":{"start":{"line":37,"column":0},"end":{"line":37,"column":45}}},"fnMap":{},"branchMap":{},"s":{"0":2,"1":2,"2":2},"f":{},"b":{},"_coverageSchema":"1a1c01bbd47fc00a2c39e90264f33305004495a9","hash":"56e35dfe181017b35c65e863a6e1e47bbb2313d1"}
,"C:\\Users\\aliss\\Desktop\\Proyectos\\Laboratoria\\LIM015-burger-queen-api\\src\\models\\products.js": {"path":"C:\\Users\\aliss\\Desktop\\Proyectos\\Laboratoria\\LIM015-burger-queen-api\\src\\models\\products.js","statementMap":{"0":{"start":{"line":1,"column":26},"end":{"line":1,"column":45}},"1":{"start":{"line":3,"column":22},"end":{"line":26,"column":1}},"2":{"start":{"line":28,"column":0},"end":{"line":28,"column":49}}},"fnMap":{},"branchMap":{},"s":{"0":2,"1":2,"2":2},"f":{},"b":{},"_coverageSchema":"1a1c01bbd47fc00a2c39e90264f33305004495a9","hash":"f9402275da2731e70191fb20ddb3f2bb61fd5ff7"}
,"C:\\Users\\aliss\\Desktop\\Proyectos\\Laboratoria\\LIM015-burger-queen-api\\src\\models\\roles.js": {"path":"C:\\Users\\aliss\\Desktop\\Proyectos\\Laboratoria\\LIM015-burger-queen-api\\src\\models\\roles.js","statementMap":{"0":{"start":{"line":1,"column":26},"end":{"line":1,"column":45}},"1":{"start":{"line":3,"column":19},"end":{"line":18,"column":1}},"2":{"start":{"line":20,"column":0},"end":{"line":20,"column":43}}},"fnMap":{},"branchMap":{},"s":{"0":2,"1":2,"2":2},"f":{},"b":{},"_coverageSchema":"1a1c01bbd47fc00a2c39e90264f33305004495a9","hash":"b4fcbb305f283e60f0a40c74ab954b10d771502a"}
,"C:\\Users\\aliss\\Desktop\\Proyectos\\Laboratoria\\LIM015-burger-queen-api\\src\\models\\users.js": {"path":"C:\\Users\\aliss\\Desktop\\Proyectos\\Laboratoria\\LIM015-burger-queen-api\\src\\models\\users.js","statementMap":{"0":{"start":{"line":1,"column":26},"end":{"line":1,"column":45}},"1":{"start":{"line":3,"column":19},"end":{"line":22,"column":2}},"2":{"start":{"line":24,"column":0},"end":{"line":24,"column":43}}},"fnMap":{},"branchMap":{},"s":{"0":2,"1":2,"2":2},"f":{},"b":{},"_coverageSchema":"1a1c01bbd47fc00a2c39e90264f33305004495a9","hash":"1dbcbac49df3d097534650040ac698b8ea357189"}
,"C:\\Users\\aliss\\Desktop\\Proyectos\\Laboratoria\\LIM015-burger-queen-api\\src\\routes\\auth.js": {"path":"C:\\Users\\aliss\\Desktop\\Proyectos\\Laboratoria\\LIM015-burger-queen-api\\src\\routes\\auth.js","statementMap":{"0":{"start":{"line":1,"column":17},"end":{"line":1,"column":46}},"1":{"start":{"line":4,"column":0},"end":{"line":20,"column":2}},"2":{"start":{"line":17,"column":2},"end":{"line":17,"column":26}},"3":{"start":{"line":19,"column":2},"end":{"line":19,"column":20}}},"fnMap":{"0":{"name":"(anonymous_0)","decl":{"start":{"line":4,"column":17},"end":{"line":4,"column":18}},"loc":{"start":{"line":4,"column":36},"end":{"line":20,"column":1}},"line":4}},"branchMap":{},"s":{"0":2,"1":2,"2":2,"3":2},"f":{"0":2},"b":{},"_coverageSchema":"1a1c01bbd47fc00a2c39e90264f33305004495a9","hash":"2b249073d5f138276783ba9c5148df805f9f6024"}
,"C:\\Users\\aliss\\Desktop\\Proyectos\\Laboratoria\\LIM015-burger-queen-api\\src\\routes\\index.js": {"path":"C:\\Users\\aliss\\Desktop\\Proyectos\\Laboratoria\\LIM015-burger-queen-api\\src\\routes\\index.js","statementMap":{"0":{"start":{"line":1,"column":13},"end":{"line":1,"column":30}},"1":{"start":{"line":2,"column":14},"end":{"line":2,"column":32}},"2":{"start":{"line":3,"column":17},"end":{"line":3,"column":38}},"3":{"start":{"line":4,"column":15},"end":{"line":4,"column":34}},"4":{"start":{"line":6,"column":13},"end":{"line":13,"column":1}},"5":{"start":{"line":7,"column":14},"end":{"line":7,"column":28}},"6":{"start":{"line":8,"column":2},"end":{"line":10,"column":6}},"7":{"start":{"line":8,"column":29},"end":{"line":10,"column":4}},"8":{"start":{"line":11,"column":2},"end":{"line":11,"column":52}},"9":{"start":{"line":11,"column":38},"end":{"line":11,"column":50}},"10":{"start":{"line":12,"column":2},"end":{"line":12,"column":16}},"11":{"start":{"line":16,"column":17},"end":{"line":27,"column":1}},"12":{"start":{"line":17,"column":2},"end":{"line":19,"column":3}},"13":{"start":{"line":18,"column":4},"end":{"line":18,"column":16}},"14":{"start":{"line":21,"column":2},"end":{"line":26,"column":5}},"15":{"start":{"line":22,"column":4},"end":{"line":24,"column":5}},"16":{"start":{"line":23,"column":6},"end":{"line":23,"column":21}},"17":{"start":{"line":25,"column":4},"end":{"line":25,"column":46}},"18":{"start":{"line":29,"column":0},"end":{"line":29,"column":91}},"19":{"start":{"line":29,"column":32},"end":{"line":29,"column":90}}},"fnMap":{"0":{"name":"(anonymous_0)","decl":{"start":{"line":6,"column":13},"end":{"line":6,"column":14}},"loc":{"start":{"line":6,"column":28},"end":{"line":13,"column":1}},"line":6},"1":{"name":"(anonymous_1)","decl":{"start":{"line":8,"column":15},"end":{"line":8,"column":16}},"loc":{"start":{"line":8,"column":29},"end":{"line":10,"column":4}},"line":8},"2":{"name":"(anonymous_2)","decl":{"start":{"line":11,"column":15},"end":{"line":11,"column":16}},"loc":{"start":{"line":11,"column":38},"end":{"line":11,"column":50}},"line":11},"3":{"name":"(anonymous_3)","decl":{"start":{"line":16,"column":17},"end":{"line":16,"column":18}},"loc":{"start":{"line":16,"column":38},"end":{"line":27,"column":1}},"line":16},"4":{"name":"(anonymous_4)","decl":{"start":{"line":21,"column":17},"end":{"line":21,"column":18}},"loc":{"start":{"line":21,"column":26},"end":{"line":26,"column":3}},"line":21},"5":{"name":"(anonymous_5)","decl":{"start":{"line":29,"column":17},"end":{"line":29,"column":18}},"loc":{"start":{"line":29,"column":32},"end":{"line":29,"column":90}},"line":29}},"branchMap":{"0":{"loc":{"start":{"line":17,"column":2},"end":{"line":19,"column":3}},"type":"if","locations":[{"start":{"line":17,"column":2},"end":{"line":19,"column":3}},{"start":{"line":17,"column":2},"end":{"line":19,"column":3}}],"line":17},"1":{"loc":{"start":{"line":22,"column":4},"end":{"line":24,"column":5}},"type":"if","locations":[{"start":{"line":22,"column":4},"end":{"line":24,"column":5}},{"start":{"line":22,"column":4},"end":{"line":24,"column":5}}],"line":22}},"s":{"0":2,"1":2,"2":2,"3":2,"4":2,"5":2,"6":2,"7":0,"8":2,"9":0,"10":2,"11":2,"12":12,"13":2,"14":10,"15":10,"16":0,"17":10,"18":2,"19":2},"f":{"0":2,"1":0,"2":0,"3":12,"4":10,"5":2},"b":{"0":[2,10],"1":[0,10]},"_coverageSchema":"1a1c01bbd47fc00a2c39e90264f33305004495a9","hash":"6091daffa15cadb881d081aee2bbb81a1dbf0a55"}
,"C:\\Users\\aliss\\Desktop\\Proyectos\\Laboratoria\\LIM015-burger-queen-api\\src\\routes\\orders.js": {"path":"C:\\Users\\aliss\\Desktop\\Proyectos\\Laboratoria\\LIM015-burger-queen-api\\src\\routes\\orders.js","statementMap":{"0":{"start":{"line":1,"column":24},"end":{"line":1,"column":53}},"1":{"start":{"line":5,"column":4},"end":{"line":5,"column":35}},"2":{"start":{"line":8,"column":0},"end":{"line":142,"column":2}},"3":{"start":{"line":35,"column":2},"end":{"line":35,"column":45}},"4":{"start":{"line":58,"column":2},"end":{"line":58,"column":57}},"5":{"start":{"line":86,"column":2},"end":{"line":86,"column":48}},"6":{"start":{"line":116,"column":2},"end":{"line":116,"column":53}},"7":{"start":{"line":139,"column":2},"end":{"line":139,"column":59}},"8":{"start":{"line":141,"column":2},"end":{"line":141,"column":13}}},"fnMap":{"0":{"name":"(anonymous_0)","decl":{"start":{"line":8,"column":17},"end":{"line":8,"column":18}},"loc":{"start":{"line":8,"column":36},"end":{"line":142,"column":1}},"line":8}},"branchMap":{},"s":{"0":2,"1":2,"2":2,"3":2,"4":2,"5":2,"6":2,"7":2,"8":2},"f":{"0":2},"b":{},"_coverageSchema":"1a1c01bbd47fc00a2c39e90264f33305004495a9","hash":"b60ef40fa6e64032e8a2dd3a7791b86f00444b11"}
,"C:\\Users\\aliss\\Desktop\\Proyectos\\Laboratoria\\LIM015-burger-queen-api\\src\\routes\\products.js": {"path":"C:\\Users\\aliss\\Desktop\\Proyectos\\Laboratoria\\LIM015-burger-queen-api\\src\\routes\\products.js","statementMap":{"0":{"start":{"line":1,"column":38},"end":{"line":1,"column":67}},"1":{"start":{"line":5,"column":4},"end":{"line":5,"column":37}},"2":{"start":{"line":8,"column":0},"end":{"line":122,"column":2}},"3":{"start":{"line":31,"column":2},"end":{"line":31,"column":49}},"4":{"start":{"line":50,"column":2},"end":{"line":50,"column":63}},"5":{"start":{"line":74,"column":2},"end":{"line":74,"column":53}},"6":{"start":{"line":99,"column":2},"end":{"line":99,"column":60}},"7":{"start":{"line":119,"column":2},"end":{"line":119,"column":66}},"8":{"start":{"line":121,"column":2},"end":{"line":121,"column":13}}},"fnMap":{"0":{"name":"(anonymous_0)","decl":{"start":{"line":8,"column":17},"end":{"line":8,"column":18}},"loc":{"start":{"line":8,"column":36},"end":{"line":122,"column":1}},"line":8}},"branchMap":{},"s":{"0":2,"1":2,"2":2,"3":2,"4":2,"5":2,"6":2,"7":2,"8":2},"f":{"0":2},"b":{},"_coverageSchema":"1a1c01bbd47fc00a2c39e90264f33305004495a9","hash":"e62283904796448d23e846f5e04547771d5aa63a"}
,"C:\\Users\\aliss\\Desktop\\Proyectos\\Laboratoria\\LIM015-burger-queen-api\\src\\routes\\users.js": {"path":"C:\\Users\\aliss\\Desktop\\Proyectos\\Laboratoria\\LIM015-burger-queen-api\\src\\routes\\users.js","statementMap":{"0":{"start":{"line":1,"column":46},"end":{"line":1,"column":74}},"1":{"start":{"line":3,"column":38},"end":{"line":3,"column":67}},"2":{"start":{"line":7,"column":4},"end":{"line":7,"column":34}},"3":{"start":{"line":9,"column":22},"end":{"line":18,"column":1}},"4":{"start":{"line":10,"column":40},"end":{"line":10,"column":57}},"5":{"start":{"line":11,"column":2},"end":{"line":11,"column":51}},"6":{"start":{"line":11,"column":37},"end":{"line":11,"column":51}},"7":{"start":{"line":13,"column":20},"end":{"line":13,"column":52}},"8":{"start":{"line":14,"column":2},"end":{"line":16,"column":3}},"9":{"start":{"line":15,"column":4},"end":{"line":15,"column":72}},"10":{"start":{"line":17,"column":2},"end":{"line":17,"column":9}},"11":{"start":{"line":47,"column":0},"end":{"line":152,"column":2}},"12":{"start":{"line":69,"column":2},"end":{"line":69,"column":44}},"13":{"start":{"line":87,"column":2},"end":{"line":87,"column":51}},"14":{"start":{"line":108,"column":2},"end":{"line":108,"column":47}},"15":{"start":{"line":132,"column":2},"end":{"line":132,"column":47}},"16":{"start":{"line":150,"column":2},"end":{"line":150,"column":53}},"17":{"start":{"line":151,"column":2},"end":{"line":151,"column":27}}},"fnMap":{"0":{"name":"(anonymous_0)","decl":{"start":{"line":9,"column":22},"end":{"line":9,"column":23}},"loc":{"start":{"line":9,"column":43},"end":{"line":18,"column":1}},"line":9},"1":{"name":"(anonymous_1)","decl":{"start":{"line":47,"column":17},"end":{"line":47,"column":18}},"loc":{"start":{"line":47,"column":32},"end":{"line":152,"column":1}},"line":47}},"branchMap":{"0":{"loc":{"start":{"line":11,"column":2},"end":{"line":11,"column":51}},"type":"if","locations":[{"start":{"line":11,"column":2},"end":{"line":11,"column":51}},{"start":{"line":11,"column":2},"end":{"line":11,"column":51}}],"line":11},"1":{"loc":{"start":{"line":11,"column":6},"end":{"line":11,"column":35}},"type":"binary-expr","locations":[{"start":{"line":11,"column":6},"end":{"line":11,"column":17}},{"start":{"line":11,"column":21},"end":{"line":11,"column":35}}],"line":11},"2":{"loc":{"start":{"line":14,"column":2},"end":{"line":16,"column":3}},"type":"if","locations":[{"start":{"line":14,"column":2},"end":{"line":16,"column":3}},{"start":{"line":14,"column":2},"end":{"line":16,"column":3}}],"line":14}},"s":{"0":2,"1":2,"2":2,"3":2,"4":2,"5":2,"6":0,"7":2,"8":2,"9":0,"10":2,"11":2,"12":2,"13":2,"14":2,"15":2,"16":2,"17":2},"f":{"0":2,"1":2},"b":{"0":[0,2],"1":[2,2],"2":[0,2]},"_coverageSchema":"1a1c01bbd47fc00a2c39e90264f33305004495a9","hash":"bacb7143906e00e578f0d71f3242c0b30609e306"}
,"C:\\Users\\aliss\\Desktop\\Proyectos\\Laboratoria\\LIM015-burger-queen-api\\src\\services\\orders.js": {"path":"C:\\Users\\aliss\\Desktop\\Proyectos\\Laboratoria\\LIM015-burger-queen-api\\src\\services\\orders.js","statementMap":{"0":{"start":{"line":1,"column":17},"end":{"line":1,"column":36}},"1":{"start":{"line":2,"column":14},"end":{"line":2,"column":41}},"2":{"start":{"line":4,"column":0},"end":{"line":16,"column":2}},"3":{"start":{"line":5,"column":26},"end":{"line":5,"column":28}},"4":{"start":{"line":6,"column":2},"end":{"line":8,"column":5}},"5":{"start":{"line":7,"column":4},"end":{"line":7,"column":90}},"6":{"start":{"line":9,"column":16},"end":{"line":13,"column":4}},"7":{"start":{"line":14,"column":2},"end":{"line":14,"column":21}},"8":{"start":{"line":15,"column":2},"end":{"line":15,"column":46}},"9":{"start":{"line":18,"column":0},"end":{"line":21,"column":2}},"10":{"start":{"line":19,"column":17},"end":{"line":19,"column":106}},"11":{"start":{"line":20,"column":2},"end":{"line":20,"column":16}},"12":{"start":{"line":23,"column":0},"end":{"line":28,"column":2}},"13":{"start":{"line":24,"column":2},"end":{"line":27,"column":3}},"14":{"start":{"line":25,"column":18},"end":{"line":25,"column":73}},"15":{"start":{"line":26,"column":4},"end":{"line":26,"column":17}},"16":{"start":{"line":30,"column":0},"end":{"line":33,"column":2}},"17":{"start":{"line":31,"column":23},"end":{"line":31,"column":109}},"18":{"start":{"line":32,"column":2},"end":{"line":32,"column":22}},"19":{"start":{"line":35,"column":0},"end":{"line":38,"column":2}},"20":{"start":{"line":36,"column":22},"end":{"line":36,"column":52}},"21":{"start":{"line":37,"column":2},"end":{"line":37,"column":34}}},"fnMap":{"0":{"name":"(anonymous_0)","decl":{"start":{"line":4,"column":29},"end":{"line":4,"column":30}},"loc":{"start":{"line":4,"column":65},"end":{"line":16,"column":1}},"line":4},"1":{"name":"(anonymous_1)","decl":{"start":{"line":6,"column":25},"end":{"line":6,"column":26}},"loc":{"start":{"line":6,"column":32},"end":{"line":8,"column":3}},"line":6},"2":{"name":"(anonymous_2)","decl":{"start":{"line":18,"column":29},"end":{"line":18,"column":30}},"loc":{"start":{"line":18,"column":52},"end":{"line":21,"column":1}},"line":18},"3":{"name":"(anonymous_3)","decl":{"start":{"line":23,"column":30},"end":{"line":23,"column":31}},"loc":{"start":{"line":23,"column":44},"end":{"line":28,"column":1}},"line":23},"4":{"name":"(anonymous_4)","decl":{"start":{"line":30,"column":30},"end":{"line":30,"column":31}},"loc":{"start":{"line":30,"column":51},"end":{"line":33,"column":1}},"line":30},"5":{"name":"(anonymous_5)","decl":{"start":{"line":35,"column":30},"end":{"line":35,"column":31}},"loc":{"start":{"line":35,"column":45},"end":{"line":38,"column":1}},"line":35}},"branchMap":{"0":{"loc":{"start":{"line":11,"column":12},"end":{"line":11,"column":24}},"type":"binary-expr","locations":[{"start":{"line":11,"column":12},"end":{"line":11,"column":18}},{"start":{"line":11,"column":22},"end":{"line":11,"column":24}}],"line":11},"1":{"loc":{"start":{"line":24,"column":2},"end":{"line":27,"column":3}},"type":"if","locations":[{"start":{"line":24,"column":2},"end":{"line":27,"column":3}},{"start":{"line":24,"column":2},"end":{"line":27,"column":3}}],"line":24}},"s":{"0":2,"1":2,"2":2,"3":0,"4":0,"5":0,"6":0,"7":0,"8":0,"9":2,"10":0,"11":0,"12":2,"13":0,"14":0,"15":0,"16":2,"17":0,"18":0,"19":2,"20":0,"21":0},"f":{"0":0,"1":0,"2":0,"3":0,"4":0,"5":0},"b":{"0":[0,0],"1":[0,0]},"_coverageSchema":"1a1c01bbd47fc00a2c39e90264f33305004495a9","hash":"3b423467a5510287369f614734e3264dfd5c9b8b"}
,"C:\\Users\\aliss\\Desktop\\Proyectos\\Laboratoria\\LIM015-burger-queen-api\\src\\services\\products.js": {"path":"C:\\Users\\aliss\\Desktop\\Proyectos\\Laboratoria\\LIM015-burger-queen-api\\src\\services\\products.js","statementMap":{"0":{"start":{"line":1,"column":17},"end":{"line":1,"column":36}},"1":{"start":{"line":2,"column":16},"end":{"line":2,"column":45}},"2":{"start":{"line":4,"column":0},"end":{"line":13,"column":2}},"3":{"start":{"line":5,"column":18},"end":{"line":10,"column":4}},"4":{"start":{"line":11,"column":15},"end":{"line":11,"column":35}},"5":{"start":{"line":12,"column":2},"end":{"line":12,"column":14}},"6":{"start":{"line":15,"column":0},"end":{"line":18,"column":2}},"7":{"start":{"line":16,"column":19},"end":{"line":16,"column":79}},"8":{"start":{"line":17,"column":2},"end":{"line":17,"column":18}},"9":{"start":{"line":20,"column":0},"end":{"line":23,"column":2}},"10":{"start":{"line":21,"column":18},"end":{"line":21,"column":49}},"11":{"start":{"line":22,"column":2},"end":{"line":22,"column":17}},"12":{"start":{"line":25,"column":0},"end":{"line":30,"column":2}},"13":{"start":{"line":26,"column":2},"end":{"line":29,"column":3}},"14":{"start":{"line":27,"column":20},"end":{"line":27,"column":46}},"15":{"start":{"line":28,"column":4},"end":{"line":28,"column":19}},"16":{"start":{"line":32,"column":0},"end":{"line":35,"column":2}},"17":{"start":{"line":33,"column":18},"end":{"line":33,"column":75}},"18":{"start":{"line":34,"column":2},"end":{"line":34,"column":17}},"19":{"start":{"line":37,"column":0},"end":{"line":40,"column":2}},"20":{"start":{"line":38,"column":22},"end":{"line":38,"column":54}},"21":{"start":{"line":39,"column":2},"end":{"line":39,"column":34}}},"fnMap":{"0":{"name":"(anonymous_0)","decl":{"start":{"line":4,"column":31},"end":{"line":4,"column":32}},"loc":{"start":{"line":4,"column":67},"end":{"line":13,"column":1}},"line":4},"1":{"name":"(anonymous_1)","decl":{"start":{"line":15,"column":29},"end":{"line":15,"column":30}},"loc":{"start":{"line":15,"column":52},"end":{"line":18,"column":1}},"line":15},"2":{"name":"(anonymous_2)","decl":{"start":{"line":20,"column":34},"end":{"line":20,"column":35}},"loc":{"start":{"line":20,"column":50},"end":{"line":23,"column":1}},"line":20},"3":{"name":"(anonymous_3)","decl":{"start":{"line":25,"column":32},"end":{"line":25,"column":33}},"loc":{"start":{"line":25,"column":46},"end":{"line":30,"column":1}},"line":25},"4":{"name":"(anonymous_4)","decl":{"start":{"line":32,"column":30},"end":{"line":32,"column":31}},"loc":{"start":{"line":32,"column":51},"end":{"line":35,"column":1}},"line":32},"5":{"name":"(anonymous_5)","decl":{"start":{"line":37,"column":30},"end":{"line":37,"column":31}},"loc":{"start":{"line":37,"column":45},"end":{"line":40,"column":1}},"line":37}},"branchMap":{"0":{"loc":{"start":{"line":8,"column":11},"end":{"line":8,"column":22}},"type":"binary-expr","locations":[{"start":{"line":8,"column":11},"end":{"line":8,"column":16}},{"start":{"line":8,"column":20},"end":{"line":8,"column":22}}],"line":8},"1":{"loc":{"start":{"line":9,"column":10},"end":{"line":9,"column":20}},"type":"binary-expr","locations":[{"start":{"line":9,"column":10},"end":{"line":9,"column":14}},{"start":{"line":9,"column":18},"end":{"line":9,"column":20}}],"line":9},"2":{"loc":{"start":{"line":26,"column":2},"end":{"line":29,"column":3}},"type":"if","locations":[{"start":{"line":26,"column":2},"end":{"line":29,"column":3}},{"start":{"line":26,"column":2},"end":{"line":29,"column":3}}],"line":26}},"s":{"0":2,"1":2,"2":2,"3":0,"4":0,"5":0,"6":2,"7":0,"8":0,"9":2,"10":0,"11":0,"12":2,"13":0,"14":0,"15":0,"16":2,"17":0,"18":0,"19":2,"20":0,"21":0},"f":{"0":0,"1":0,"2":0,"3":0,"4":0,"5":0},"b":{"0":[0,0],"1":[0,0],"2":[0,0]},"_coverageSchema":"1a1c01bbd47fc00a2c39e90264f33305004495a9","hash":"628dbd932e27837d836ce28dd295d396b80cc75b"}
,"C:\\Users\\aliss\\Desktop\\Proyectos\\Laboratoria\\LIM015-burger-queen-api\\src\\services\\users.js": {"path":"C:\\Users\\aliss\\Desktop\\Proyectos\\Laboratoria\\LIM015-burger-queen-api\\src\\services\\users.js","statementMap":{"0":{"start":{"line":1,"column":15},"end":{"line":1,"column":32}},"1":{"start":{"line":2,"column":12},"end":{"line":2,"column":35}},"2":{"start":{"line":3,"column":17},"end":{"line":3,"column":36}},"3":{"start":{"line":4,"column":15},"end":{"line":4,"column":35}},"4":{"start":{"line":5,"column":13},"end":{"line":5,"column":39}},"5":{"start":{"line":6,"column":13},"end":{"line":6,"column":39}},"6":{"start":{"line":8,"column":19},"end":{"line":8,"column":25}},"7":{"start":{"line":10,"column":0},"end":{"line":19,"column":2}},"8":{"start":{"line":11,"column":15},"end":{"line":11,"column":43}},"9":{"start":{"line":12,"column":15},"end":{"line":16,"column":4}},"10":{"start":{"line":17,"column":2},"end":{"line":17,"column":14}},"11":{"start":{"line":18,"column":2},"end":{"line":18,"column":32}},"12":{"start":{"line":21,"column":0},"end":{"line":23,"column":3}},"13":{"start":{"line":21,"column":61},"end":{"line":23,"column":2}},"14":{"start":{"line":22,"column":2},"end":{"line":22,"column":69}},"15":{"start":{"line":22,"column":55},"end":{"line":22,"column":67}},"16":{"start":{"line":25,"column":0},"end":{"line":27,"column":3}},"17":{"start":{"line":25,"column":37},"end":{"line":27,"column":2}},"18":{"start":{"line":26,"column":2},"end":{"line":26,"column":81}},"19":{"start":{"line":26,"column":65},"end":{"line":26,"column":79}},"20":{"start":{"line":29,"column":0},"end":{"line":32,"column":2}},"21":{"start":{"line":30,"column":16},"end":{"line":30,"column":91}},"22":{"start":{"line":31,"column":2},"end":{"line":31,"column":15}},"23":{"start":{"line":34,"column":0},"end":{"line":37,"column":2}},"24":{"start":{"line":35,"column":15},"end":{"line":35,"column":62}},"25":{"start":{"line":36,"column":2},"end":{"line":36,"column":14}},"26":{"start":{"line":39,"column":0},"end":{"line":46,"column":2}},"27":{"start":{"line":40,"column":2},"end":{"line":43,"column":3}},"28":{"start":{"line":41,"column":17},"end":{"line":41,"column":59}},"29":{"start":{"line":42,"column":4},"end":{"line":42,"column":16}},"30":{"start":{"line":44,"column":15},"end":{"line":44,"column":55}},"31":{"start":{"line":45,"column":2},"end":{"line":45,"column":14}},"32":{"start":{"line":48,"column":0},"end":{"line":53,"column":2}},"33":{"start":{"line":49,"column":2},"end":{"line":49,"column":62}},"34":{"start":{"line":50,"column":15},"end":{"line":51,"column":36}},"35":{"start":{"line":52,"column":2},"end":{"line":52,"column":14}},"36":{"start":{"line":55,"column":0},"end":{"line":58,"column":2}},"37":{"start":{"line":56,"column":2},"end":{"line":56,"column":41}},"38":{"start":{"line":57,"column":2},"end":{"line":57,"column":32}}},"fnMap":{"0":{"name":"(anonymous_0)","decl":{"start":{"line":10,"column":35},"end":{"line":10,"column":36}},"loc":{"start":{"line":10,"column":74},"end":{"line":19,"column":1}},"line":10},"1":{"name":"(anonymous_1)","decl":{"start":{"line":21,"column":33},"end":{"line":21,"column":34}},"loc":{"start":{"line":21,"column":61},"end":{"line":23,"column":2}},"line":21},"2":{"name":"(anonymous_2)","decl":{"start":{"line":21,"column":73},"end":{"line":21,"column":74}},"loc":{"start":{"line":21,"column":86},"end":{"line":23,"column":1}},"line":21},"3":{"name":"(anonymous_3)","decl":{"start":{"line":22,"column":41},"end":{"line":22,"column":42}},"loc":{"start":{"line":22,"column":55},"end":{"line":22,"column":67}},"line":22},"4":{"name":"(anonymous_4)","decl":{"start":{"line":25,"column":29},"end":{"line":25,"column":30}},"loc":{"start":{"line":25,"column":37},"end":{"line":27,"column":2}},"line":25},"5":{"name":"(anonymous_5)","decl":{"start":{"line":25,"column":49},"end":{"line":25,"column":50}},"loc":{"start":{"line":25,"column":62},"end":{"line":27,"column":1}},"line":25},"6":{"name":"(anonymous_6)","decl":{"start":{"line":26,"column":49},"end":{"line":26,"column":50}},"loc":{"start":{"line":26,"column":65},"end":{"line":26,"column":79}},"line":26},"7":{"name":"(anonymous_7)","decl":{"start":{"line":29,"column":40},"end":{"line":29,"column":41}},"loc":{"start":{"line":29,"column":63},"end":{"line":32,"column":1}},"line":29},"8":{"name":"(anonymous_8)","decl":{"start":{"line":34,"column":32},"end":{"line":34,"column":33}},"loc":{"start":{"line":34,"column":49},"end":{"line":37,"column":1}},"line":34},"9":{"name":"(anonymous_9)","decl":{"start":{"line":39,"column":36},"end":{"line":39,"column":37}},"loc":{"start":{"line":39,"column":51},"end":{"line":46,"column":1}},"line":39},"10":{"name":"(anonymous_10)","decl":{"start":{"line":48,"column":30},"end":{"line":48,"column":31}},"loc":{"start":{"line":48,"column":78},"end":{"line":53,"column":1}},"line":48},"11":{"name":"(anonymous_11)","decl":{"start":{"line":55,"column":30},"end":{"line":55,"column":31}},"loc":{"start":{"line":55,"column":54},"end":{"line":58,"column":1}},"line":55}},"branchMap":{"0":{"loc":{"start":{"line":10,"column":59},"end":{"line":10,"column":69}},"type":"default-arg","locations":[{"start":{"line":10,"column":67},"end":{"line":10,"column":69}}],"line":10},"1":{"loc":{"start":{"line":40,"column":2},"end":{"line":43,"column":3}},"type":"if","locations":[{"start":{"line":40,"column":2},"end":{"line":43,"column":3}},{"start":{"line":40,"column":2},"end":{"line":43,"column":3}}],"line":40}},"s":{"0":2,"1":2,"2":2,"3":2,"4":2,"5":2,"6":2,"7":2,"8":3,"9":3,"10":3,"11":3,"12":2,"13":26,"14":26,"15":26,"16":2,"17":25,"18":25,"19":25,"20":2,"21":2,"22":2,"23":2,"24":48,"25":48,"26":2,"27":63,"28":48,"29":48,"30":15,"31":15,"32":2,"33":2,"34":2,"35":2,"36":2,"37":3,"38":3},"f":{"0":3,"1":26,"2":26,"3":26,"4":25,"5":25,"6":25,"7":2,"8":48,"9":63,"10":2,"11":3},"b":{"0":[3],"1":[48,15]},"_coverageSchema":"1a1c01bbd47fc00a2c39e90264f33305004495a9","hash":"a87a17fd8772bbdae41663ae16bbf0c553f611b1"}
,"C:\\Users\\aliss\\Desktop\\Proyectos\\Laboratoria\\LIM015-burger-queen-api\\src\\utils\\util.js": {"path":"C:\\Users\\aliss\\Desktop\\Proyectos\\Laboratoria\\LIM015-burger-queen-api\\src\\utils\\util.js","statementMap":{"0":{"start":{"line":1,"column":0},"end":{"line":1,"column":84}},"1":{"start":{"line":1,"column":41},"end":{"line":1,"column":83}},"2":{"start":{"line":2,"column":0},"end":{"line":2,"column":154}},"3":{"start":{"line":2,"column":48},"end":{"line":2,"column":152}},"4":{"start":{"line":4,"column":0},"end":{"line":12,"column":2}},"5":{"start":{"line":5,"column":15},"end":{"line":10,"column":3}},"6":{"start":{"line":11,"column":2},"end":{"line":11,"column":14}}},"fnMap":{"0":{"name":"(anonymous_0)","decl":{"start":{"line":1,"column":30},"end":{"line":1,"column":31}},"loc":{"start":{"line":1,"column":41},"end":{"line":1,"column":83}},"line":1},"1":{"name":"(anonymous_1)","decl":{"start":{"line":2,"column":33},"end":{"line":2,"column":34}},"loc":{"start":{"line":2,"column":48},"end":{"line":2,"column":152}},"line":2},"2":{"name":"(anonymous_2)","decl":{"start":{"line":4,"column":32},"end":{"line":4,"column":33}},"loc":{"start":{"line":4,"column":83},"end":{"line":12,"column":1}},"line":4}},"branchMap":{"0":{"loc":{"start":{"line":6,"column":11},"end":{"line":6,"column":82}},"type":"cond-expr","locations":[{"start":{"line":6,"column":24},"end":{"line":6,"column":26}},{"start":{"line":6,"column":29},"end":{"line":6,"column":82}}],"line":6},"1":{"loc":{"start":{"line":7,"column":10},"end":{"line":7,"column":108}},"type":"cond-expr","locations":[{"start":{"line":7,"column":32},"end":{"line":7,"column":34}},{"start":{"line":7,"column":37},"end":{"line":7,"column":108}}],"line":7},"2":{"loc":{"start":{"line":8,"column":10},"end":{"line":8,"column":99}},"type":"cond-expr","locations":[{"start":{"line":8,"column":23},"end":{"line":8,"column":25}},{"start":{"line":8,"column":28},"end":{"line":8,"column":99}}],"line":8},"3":{"loc":{"start":{"line":9,"column":10},"end":{"line":9,"column":102}},"type":"cond-expr","locations":[{"start":{"line":9,"column":32},"end":{"line":9,"column":34}},{"start":{"line":9,"column":37},"end":{"line":9,"column":102}}],"line":9}},"s":{"0":2,"1":9,"2":2,"3":6,"4":2,"5":1,"6":1},"f":{"0":9,"1":6,"2":1},"b":{"0":[1,0],"1":[1,0],"2":[1,0],"3":[1,0]},"_coverageSchema":"1a1c01bbd47fc00a2c39e90264f33305004495a9","hash":"f400eb689665e2c63b0c10ceb469ec2d27458624"}
}
