TN:
SF:src\config.js
FNF:0
FNH:0
DA:1,2
DA:2,2
DA:3,2
DA:4,2
DA:5,2
LF:5
LH:5
BRDA:1,0,0,2
BRDA:1,0,1,2
BRDA:1,0,2,2
BRDA:2,1,0,2
BRDA:2,1,1,2
BRDA:3,2,0,2
BRDA:3,2,1,2
BRDA:4,3,0,2
BRDA:4,3,1,2
BRDA:5,4,0,2
BRDA:5,4,1,2
BRF:11
BRH:11
end_of_record
TN:
SF:src\server.js
FN:24,(anonymous_0)
FNF:1
FNH:1
FNDA:2,(anonymous_0)
DA:1,2
DA:2,2
DA:3,2
DA:4,2
DA:5,2
DA:6,2
DA:7,2
DA:9,2
DA:11,2
DA:14,2
DA:15,2
DA:16,2
DA:19,2
DA:20,2
DA:21,2
DA:24,2
DA:25,2
DA:26,0
DA:28,2
DA:31,2
LF:20
LH:19
BRDA:25,0,0,0
BRDA:25,0,1,2
BRF:2
BRH:1
end_of_record
TN:
SF:src\controller\auth.js
FN:4,(anonymous_0)
FNF:1
FNH:1
FNDA:28,(anonymous_0)
DA:1,2
DA:4,2
DA:5,28
DA:6,28
DA:9,27
DA:11,27
DA:14,26
DA:15,26
DA:18,25
DA:19,25
LF:10
LH:10
BRDA:6,0,0,1
BRDA:6,0,1,27
BRDA:6,1,0,28
BRDA:6,1,1,27
BRDA:11,2,0,1
BRDA:11,2,1,26
BRDA:15,3,0,1
BRDA:15,3,1,25
BRF:8
BRH:8
end_of_record
TN:
SF:src\controller\orders.js
FN:10,(anonymous_0)
FN:22,(anonymous_1)
FN:27,(anonymous_2)
FN:33,(anonymous_3)
FN:49,(anonymous_4)
FN:61,(anonymous_5)
FN:74,(anonymous_6)
FNF:7
FNH:0
FNDA:0,(anonymous_0)
FNDA:0,(anonymous_1)
FNDA:0,(anonymous_2)
FNDA:0,(anonymous_3)
FNDA:0,(anonymous_4)
FNDA:0,(anonymous_5)
FNDA:0,(anonymous_6)
DA:1,2
DA:4,2
DA:6,2
DA:7,2
DA:9,2
DA:11,0
DA:12,0
DA:13,0
DA:14,0
DA:15,0
DA:16,0
DA:17,0
DA:18,0
DA:20,0
DA:23,0
DA:24,0
DA:25,0
DA:30,0
DA:31,0
DA:32,0
DA:33,0
DA:34,0
DA:35,0
DA:36,0
DA:39,0
DA:40,0
DA:42,0
DA:43,0
DA:44,0
DA:46,0
DA:50,0
DA:51,0
DA:54,0
DA:55,0
DA:56,0
DA:57,0
DA:58,0
DA:60,0
DA:61,0
DA:62,0
DA:63,0
DA:64,0
DA:68,0
DA:69,0
DA:70,0
DA:72,0
DA:75,0
DA:76,0
DA:77,0
DA:78,0
LF:50
LH:5
BRDA:11,0,0,0
BRDA:11,1,0,0
BRDA:14,2,0,0
BRDA:14,2,1,0
BRDA:24,3,0,0
BRDA:24,3,1,0
BRDA:31,4,0,0
BRDA:31,4,1,0
BRDA:31,5,0,0
BRDA:31,5,1,0
BRDA:31,5,2,0
BRDA:35,6,0,0
BRDA:35,6,1,0
BRDA:39,7,0,0
BRDA:39,7,1,0
BRDA:39,8,0,0
BRDA:39,8,1,0
BRDA:42,9,0,0
BRDA:42,9,1,0
BRDA:51,10,0,0
BRDA:51,10,1,0
BRDA:55,11,0,0
BRDA:55,11,1,0
BRDA:55,12,0,0
BRDA:55,12,1,0
BRDA:55,12,2,0
BRDA:55,12,3,0
BRDA:57,13,0,0
BRDA:57,13,1,0
BRDA:57,14,0,0
BRDA:57,14,1,0
BRDA:60,15,0,0
BRDA:60,15,1,0
BRDA:60,16,0,0
BRDA:60,16,1,0
BRDA:63,17,0,0
BRDA:63,17,1,0
BRDA:68,18,0,0
BRDA:68,18,1,0
BRDA:76,19,0,0
BRDA:76,19,1,0
BRF:41
BRH:0
end_of_record
TN:
SF:src\controller\products.js
FN:12,(anonymous_0)
FN:21,(anonymous_1)
FN:26,(anonymous_2)
FN:35,(anonymous_3)
FN:48,(anonymous_4)
FNF:5
FNH:0
FNDA:0,(anonymous_0)
FNDA:0,(anonymous_1)
FNDA:0,(anonymous_2)
FNDA:0,(anonymous_3)
FNDA:0,(anonymous_4)
DA:7,2
DA:8,2
DA:9,2
DA:11,2
DA:13,0
DA:14,0
DA:15,0
DA:16,0
DA:17,0
DA:18,0
DA:19,0
DA:22,0
DA:23,0
DA:24,0
DA:29,0
DA:30,0
DA:31,0
DA:32,0
DA:33,0
DA:36,0
DA:37,0
DA:40,0
DA:41,0
DA:42,0
DA:43,0
DA:44,0
DA:46,0
DA:49,0
DA:50,0
DA:51,0
DA:52,0
LF:31
LH:4
BRDA:13,0,0,0
BRDA:13,1,0,0
BRDA:23,2,0,0
BRDA:23,2,1,0
BRDA:30,3,0,0
BRDA:30,3,1,0
BRDA:30,4,0,0
BRDA:30,4,1,0
BRDA:31,5,0,0
BRDA:31,5,1,0
BRDA:31,6,0,0
BRDA:31,6,1,0
BRDA:37,7,0,0
BRDA:37,7,1,0
BRDA:41,8,0,0
BRDA:41,8,1,0
BRDA:41,9,0,0
BRDA:41,9,1,0
BRDA:41,9,2,0
BRDA:41,9,3,0
BRDA:42,10,0,0
BRDA:42,10,1,0
BRDA:42,11,0,0
BRDA:42,11,1,0
BRDA:50,12,0,0
BRDA:50,12,1,0
BRF:26
BRH:0
end_of_record
TN:
SF:src\controller\users.js
FN:14,(anonymous_0)
FN:24,(anonymous_1)
FN:32,(anonymous_2)
FN:41,(anonymous_3)
FN:63,(anonymous_4)
FNF:5
FNH:5
FNDA:1,(anonymous_0)
FNDA:3,(anonymous_1)
FNDA:7,(anonymous_2)
FNDA:8,(anonymous_3)
FNDA:5,(anonymous_4)
DA:8,2
DA:9,2
DA:11,2
DA:13,2
DA:16,1
DA:17,1
DA:18,1
DA:19,1
DA:20,1
DA:21,1
DA:22,1
DA:25,3
DA:26,3
DA:27,2
DA:28,1
DA:30,1
DA:33,7
DA:34,7
DA:35,6
DA:36,4
DA:37,4
DA:38,3
DA:39,3
DA:42,8
DA:43,8
DA:44,8
DA:45,7
DA:46,1
DA:48,6
DA:49,6
DA:50,1
DA:52,5
DA:53,1
DA:55,4
DA:56,3
DA:57,2
DA:58,2
DA:59,2
DA:60,2
DA:61,2
DA:64,5
DA:65,5
DA:66,4
DA:67,1
DA:69,3
DA:70,3
LF:46
LH:46
BRDA:16,0,0,1
BRDA:16,1,0,1
BRDA:26,2,0,1
BRDA:26,2,1,2
BRDA:27,3,0,1
BRDA:27,3,1,1
BRDA:27,4,0,2
BRDA:27,4,1,1
BRDA:34,5,0,1
BRDA:34,5,1,6
BRDA:34,6,0,7
BRDA:34,6,1,7
BRDA:35,7,0,2
BRDA:35,7,1,4
BRDA:35,8,0,6
BRDA:35,8,1,5
BRDA:37,9,0,1
BRDA:37,9,1,3
BRDA:44,10,0,1
BRDA:44,10,1,7
BRDA:45,11,0,1
BRDA:45,11,1,6
BRDA:45,12,0,7
BRDA:45,12,1,2
BRDA:49,13,0,1
BRDA:49,13,1,5
BRDA:49,14,0,6
BRDA:49,14,1,2
BRDA:52,15,0,1
BRDA:52,15,1,4
BRDA:52,16,0,5
BRDA:52,16,1,4
BRDA:52,16,2,4
BRDA:55,17,0,1
BRDA:55,17,1,3
BRDA:55,18,0,4
BRDA:55,18,1,3
BRDA:56,19,0,1
BRDA:56,19,1,2
BRDA:56,20,0,3
BRDA:56,20,1,1
BRDA:57,21,0,2
BRDA:57,21,1,0
BRDA:58,22,0,1
BRDA:58,22,1,1
BRDA:59,23,0,1
BRDA:59,23,1,1
BRDA:65,24,0,1
BRDA:65,24,1,4
BRDA:66,25,0,1
BRDA:66,25,1,3
BRDA:66,26,0,4
BRDA:66,26,1,4
BRF:53
BRH:52
end_of_record
TN:
SF:src\middleware\auth.js
FN:6,(anonymous_0)
FN:6,(anonymous_1)
FN:12,(anonymous_2)
FN:16,(anonymous_3)
FN:21,(anonymous_4)
FN:25,(anonymous_5)
FN:27,(anonymous_6)
FN:33,(anonymous_7)
FN:37,(anonymous_8)
FNF:9
FNH:8
FNDA:2,(anonymous_0)
FNDA:53,(anonymous_1)
FNDA:25,(anonymous_2)
FNDA:25,(anonymous_3)
FNDA:0,(anonymous_4)
FNDA:25,(anonymous_5)
FNDA:22,(anonymous_6)
FNDA:16,(anonymous_7)
FNDA:9,(anonymous_8)
DA:3,2
DA:4,2
DA:6,2
DA:7,53
DA:8,53
DA:9,25
DA:10,25
DA:12,25
DA:13,25
DA:15,25
DA:17,25
DA:18,25
DA:19,25
DA:21,0
DA:25,25
DA:27,2
DA:29,22
DA:30,22
DA:33,16
DA:37,2
DA:38,9
DA:39,9
DA:40,8
LF:23
LH:22
BRDA:8,0,0,28
BRDA:8,0,1,25
BRDA:10,1,0,0
BRDA:10,1,1,25
BRDA:13,2,0,0
BRDA:13,2,1,25
BRDA:17,3,0,0
BRDA:17,3,1,25
BRDA:33,4,0,0
BRDA:33,4,1,16
BRDA:38,5,0,0
BRDA:38,5,1,9
BRDA:39,6,0,1
BRDA:39,6,1,8
BRF:14
BRH:9
end_of_record
TN:
SF:src\middleware\error.js
FN:9,(anonymous_0)
FN:12,(anonymous_1)
FNF:2
FNH:2
FNDA:2,(anonymous_0)
FNDA:2,(anonymous_1)
DA:1,2
DA:9,2
DA:12,2
DA:13,2
DA:14,2
DA:15,2
DA:16,0
DA:19,2
DA:20,2
LF:9
LH:8
BRDA:9,0,0,2
BRDA:9,0,1,2
BRDA:13,1,0,2
BRDA:13,1,1,0
BRDA:13,2,0,0
BRDA:13,2,1,0
BRDA:14,3,0,2
BRDA:14,3,1,2
BRDA:14,3,2,0
BRDA:15,4,0,0
BRDA:15,4,1,2
BRF:11
BRH:6
end_of_record
TN:
SF:src\models\orders.js
FNF:0
FNH:0
DA:1,2
DA:3,2
DA:37,2
LF:3
LH:3
BRF:0
BRH:0
end_of_record
TN:
SF:src\models\products.js
FNF:0
FNH:0
DA:1,2
DA:3,2
DA:28,2
LF:3
LH:3
BRF:0
BRH:0
end_of_record
TN:
SF:src\models\roles.js
FNF:0
FNH:0
DA:1,2
DA:3,2
DA:20,2
LF:3
LH:3
BRF:0
BRH:0
end_of_record
TN:
SF:src\models\users.js
FNF:0
FNH:0
DA:1,2
DA:3,2
DA:24,2
LF:3
LH:3
BRF:0
BRH:0
end_of_record
TN:
SF:src\routes\auth.js
FN:4,(anonymous_0)
FNF:1
FNH:1
FNDA:2,(anonymous_0)
DA:1,2
DA:4,2
DA:17,2
DA:19,2
LF:4
LH:4
BRF:0
BRH:0
end_of_record
TN:
SF:src\routes\index.js
FN:6,(anonymous_0)
FN:8,(anonymous_1)
FN:11,(anonymous_2)
FN:16,(anonymous_3)
FN:21,(anonymous_4)
FN:29,(anonymous_5)
FNF:6
FNH:4
FNDA:2,(anonymous_0)
FNDA:0,(anonymous_1)
FNDA:0,(anonymous_2)
FNDA:12,(anonymous_3)
FNDA:10,(anonymous_4)
FNDA:2,(anonymous_5)
DA:1,2
DA:2,2
DA:3,2
DA:4,2
DA:6,2
DA:7,2
DA:8,2
DA:11,2
DA:12,2
DA:16,2
DA:17,12
DA:18,2
DA:21,10
DA:22,10
DA:23,0
DA:25,10
DA:29,2
LF:17
LH:16
BRDA:17,0,0,2
BRDA:17,0,1,10
BRDA:22,1,0,0
BRDA:22,1,1,10
BRF:4
BRH:3
end_of_record
TN:
SF:src\routes\orders.js
FN:8,(anonymous_0)
FNF:1
FNH:1
FNDA:2,(anonymous_0)
DA:1,2
DA:5,2
DA:8,2
DA:35,2
DA:58,2
DA:86,2
DA:116,2
DA:139,2
DA:141,2
LF:9
LH:9
BRF:0
BRH:0
end_of_record
TN:
SF:src\routes\products.js
FN:8,(anonymous_0)
FNF:1
FNH:1
FNDA:2,(anonymous_0)
DA:1,2
DA:5,2
DA:8,2
DA:31,2
DA:50,2
DA:74,2
DA:99,2
DA:119,2
DA:121,2
LF:9
LH:9
BRF:0
BRH:0
end_of_record
TN:
SF:src\routes\users.js
FN:9,(anonymous_0)
FN:47,(anonymous_1)
FNF:2
FNH:2
FNDA:2,(anonymous_0)
FNDA:2,(anonymous_1)
DA:1,2
DA:3,2
DA:7,2
DA:9,2
DA:10,2
DA:11,2
DA:13,2
DA:14,2
DA:15,0
DA:17,2
DA:47,2
DA:69,2
DA:87,2
DA:108,2
DA:132,2
DA:150,2
DA:151,2
LF:17
LH:16
BRDA:11,0,0,0
BRDA:11,0,1,2
BRDA:11,1,0,2
BRDA:11,1,1,2
BRDA:14,2,0,0
BRDA:14,2,1,2
BRF:6
BRH:4
end_of_record
TN:
SF:src\services\orders.js
FN:4,(anonymous_0)
FN:6,(anonymous_1)
FN:18,(anonymous_2)
FN:23,(anonymous_3)
FN:30,(anonymous_4)
FN:35,(anonymous_5)
FNF:6
FNH:0
FNDA:0,(anonymous_0)
FNDA:0,(anonymous_1)
FNDA:0,(anonymous_2)
FNDA:0,(anonymous_3)
FNDA:0,(anonymous_4)
FNDA:0,(anonymous_5)
DA:1,2
DA:2,2
DA:4,2
DA:5,0
DA:6,0
DA:7,0
DA:9,0
DA:14,0
DA:15,0
DA:18,2
DA:19,0
DA:20,0
DA:23,2
DA:24,0
DA:25,0
DA:26,0
DA:30,2
DA:31,0
DA:32,0
DA:35,2
DA:36,0
DA:37,0
LF:22
LH:7
BRDA:11,0,0,0
BRDA:11,0,1,0
BRDA:24,1,0,0
BRDA:24,1,1,0
BRF:4
BRH:0
end_of_record
TN:
SF:src\services\products.js
FN:4,(anonymous_0)
FN:15,(anonymous_1)
FN:20,(anonymous_2)
FN:25,(anonymous_3)
FN:32,(anonymous_4)
FN:37,(anonymous_5)
FNF:6
FNH:0
FNDA:0,(anonymous_0)
FNDA:0,(anonymous_1)
FNDA:0,(anonymous_2)
FNDA:0,(anonymous_3)
FNDA:0,(anonymous_4)
FNDA:0,(anonymous_5)
DA:1,2
DA:2,2
DA:4,2
DA:5,0
DA:11,0
DA:12,0
DA:15,2
DA:16,0
DA:17,0
DA:20,2
DA:21,0
DA:22,0
DA:25,2
DA:26,0
DA:27,0
DA:28,0
DA:32,2
DA:33,0
DA:34,0
DA:37,2
DA:38,0
DA:39,0
LF:22
LH:8
BRDA:8,0,0,0
BRDA:8,0,1,0
BRDA:9,1,0,0
BRDA:9,1,1,0
BRDA:26,2,0,0
BRDA:26,2,1,0
BRF:6
BRH:0
end_of_record
TN:
SF:src\services\users.js
FN:10,(anonymous_0)
FN:21,(anonymous_1)
FN:21,(anonymous_2)
FN:22,(anonymous_3)
FN:25,(anonymous_4)
FN:25,(anonymous_5)
FN:26,(anonymous_6)
FN:29,(anonymous_7)
FN:34,(anonymous_8)
FN:39,(anonymous_9)
FN:48,(anonymous_10)
FN:55,(anonymous_11)
FNF:12
FNH:12
FNDA:3,(anonymous_0)
FNDA:26,(anonymous_1)
FNDA:26,(anonymous_2)
FNDA:26,(anonymous_3)
FNDA:25,(anonymous_4)
FNDA:25,(anonymous_5)
FNDA:25,(anonymous_6)
FNDA:2,(anonymous_7)
FNDA:48,(anonymous_8)
FNDA:63,(anonymous_9)
FNDA:2,(anonymous_10)
FNDA:3,(anonymous_11)
DA:1,2
DA:2,2
DA:3,2
DA:4,2
DA:5,2
DA:6,2
DA:8,2
DA:10,2
DA:11,3
DA:12,3
DA:17,3
DA:18,3
DA:21,26
DA:22,26
DA:25,25
DA:26,25
DA:29,2
DA:30,2
DA:31,2
DA:34,2
DA:35,48
DA:36,48
DA:39,2
DA:40,63
DA:41,48
DA:42,48
DA:44,15
DA:45,15
DA:48,2
DA:49,2
DA:50,2
DA:52,2
DA:55,2
DA:56,3
DA:57,3
LF:35
LH:35
BRDA:10,0,0,3
BRDA:40,1,0,48
BRDA:40,1,1,15
BRF:3
BRH:3
end_of_record
TN:
SF:src\utils\util.js
FN:1,(anonymous_0)
FN:2,(anonymous_1)
FN:4,(anonymous_2)
FNF:3
FNH:3
FNDA:9,(anonymous_0)
FNDA:6,(anonymous_1)
FNDA:1,(anonymous_2)
DA:1,9
DA:2,6
DA:4,2
DA:5,1
DA:11,1
LF:5
LH:5
BRDA:6,0,0,1
BRDA:6,0,1,0
BRDA:7,1,0,1
BRDA:7,1,1,0
BRDA:8,2,0,1
BRDA:8,2,1,0
BRDA:9,3,0,1
BRDA:9,3,1,0
BRF:8
BRH:4
end_of_record
